CRITICAL - 2023-01-17 09:10:15 --> include(templates/Arrays.php): Failed to open stream: No such file or directory
in APPPATH\Views\Todos\Todos.php on line 16.
 1 APPPATH\Views\Todos\Todos.php(16): CodeIgniter\Debug\Exceptions->errorHandler(2, 'include(templates/Arrays.php): Failed to open stream: No such file or directory', 'APPPATH\\Views\\Todos\\Todos.php', 16)
 2 APPPATH\Views\Todos\Todos.php(16): include()
 3 SYSTEMPATH\View\View.php(213): include('APPPATH\\Views\\Todos\\Todos.php')
 4 SYSTEMPATH\View\View.php(216): CodeIgniter\View\View->CodeIgniter\View\{closure}()
 5 SYSTEMPATH\Common.php(1135): CodeIgniter\View\View->render('Todos/Todos.php', [], true)
 6 APPPATH\Controllers\TodosControler.php(8): view('Todos/Todos.php')
 7 SYSTEMPATH\CodeIgniter.php(925): App\Controllers\TodosControler->index()
 8 SYSTEMPATH\CodeIgniter.php(480): CodeIgniter\CodeIgniter->runController(Object(App\Controllers\TodosControler))
 9 SYSTEMPATH\CodeIgniter.php(349): CodeIgniter\CodeIgniter->handleRequest(null, Object(Config\Cache), false)
10 FCPATH\index.php(67): CodeIgniter\CodeIgniter->run()
CRITICAL - 2023-01-17 09:10:51 --> include(templates/Arrays.php): Failed to open stream: No such file or directory
in APPPATH\Views\Todos\Todos.php on line 16.
 1 APPPATH\Views\Todos\Todos.php(16): CodeIgniter\Debug\Exceptions->errorHandler(2, 'include(templates/Arrays.php): Failed to open stream: No such file or directory', 'APPPATH\\Views\\Todos\\Todos.php', 16)
 2 APPPATH\Views\Todos\Todos.php(16): include()
 3 SYSTEMPATH\View\View.php(213): include('APPPATH\\Views\\Todos\\Todos.php')
 4 SYSTEMPATH\View\View.php(216): CodeIgniter\View\View->CodeIgniter\View\{closure}()
 5 SYSTEMPATH\Common.php(1135): CodeIgniter\View\View->render('Todos/Todos.php', [], true)
 6 APPPATH\Controllers\TodosControler.php(8): view('Todos/Todos.php')
 7 SYSTEMPATH\CodeIgniter.php(925): App\Controllers\TodosControler->index()
 8 SYSTEMPATH\CodeIgniter.php(480): CodeIgniter\CodeIgniter->runController(Object(App\Controllers\TodosControler))
 9 SYSTEMPATH\CodeIgniter.php(349): CodeIgniter\CodeIgniter->handleRequest(null, Object(Config\Cache), false)
10 FCPATH\index.php(67): CodeIgniter\CodeIgniter->run()
CRITICAL - 2023-01-17 09:11:04 --> include(templates/Arrays.php): Failed to open stream: No such file or directory
in APPPATH\Views\Todos\Todos.php on line 16.
 1 APPPATH\Views\Todos\Todos.php(16): CodeIgniter\Debug\Exceptions->errorHandler(2, 'include(templates/Arrays.php): Failed to open stream: No such file or directory', 'APPPATH\\Views\\Todos\\Todos.php', 16)
 2 APPPATH\Views\Todos\Todos.php(16): include()
 3 SYSTEMPATH\View\View.php(213): include('APPPATH\\Views\\Todos\\Todos.php')
 4 SYSTEMPATH\View\View.php(216): CodeIgniter\View\View->CodeIgniter\View\{closure}()
 5 SYSTEMPATH\Common.php(1135): CodeIgniter\View\View->render('Todos/Todos.php', [], true)
 6 APPPATH\Controllers\TodosControler.php(8): view('Todos/Todos.php')
 7 SYSTEMPATH\CodeIgniter.php(925): App\Controllers\TodosControler->index()
 8 SYSTEMPATH\CodeIgniter.php(480): CodeIgniter\CodeIgniter->runController(Object(App\Controllers\TodosControler))
 9 SYSTEMPATH\CodeIgniter.php(349): CodeIgniter\CodeIgniter->handleRequest(null, Object(Config\Cache), false)
10 FCPATH\index.php(67): CodeIgniter\CodeIgniter->run()
CRITICAL - 2023-01-17 09:11:12 --> include(templates/Arrays.php): Failed to open stream: No such file or directory
in APPPATH\Views\Todos\Todos.php on line 16.
 1 APPPATH\Views\Todos\Todos.php(16): CodeIgniter\Debug\Exceptions->errorHandler(2, 'include(templates/Arrays.php): Failed to open stream: No such file or directory', 'APPPATH\\Views\\Todos\\Todos.php', 16)
 2 APPPATH\Views\Todos\Todos.php(16): include()
 3 SYSTEMPATH\View\View.php(213): include('APPPATH\\Views\\Todos\\Todos.php')
 4 SYSTEMPATH\View\View.php(216): CodeIgniter\View\View->CodeIgniter\View\{closure}()
 5 SYSTEMPATH\Common.php(1135): CodeIgniter\View\View->render('Todos/Todos.php', [], true)
 6 APPPATH\Controllers\TodosControler.php(8): view('Todos/Todos.php')
 7 SYSTEMPATH\CodeIgniter.php(925): App\Controllers\TodosControler->index()
 8 SYSTEMPATH\CodeIgniter.php(480): CodeIgniter\CodeIgniter->runController(Object(App\Controllers\TodosControler))
 9 SYSTEMPATH\CodeIgniter.php(349): CodeIgniter\CodeIgniter->handleRequest(null, Object(Config\Cache), false)
10 FCPATH\index.php(67): CodeIgniter\CodeIgniter->run()
CRITICAL - 2023-01-17 09:14:40 --> Undefined variable $title
in APPPATH\Views\templates\head_header.php on line 8.
 1 APPPATH\Views\templates\head_header.php(8): CodeIgniter\Debug\Exceptions->errorHandler(2, 'Undefined variable $title', 'APPPATH\\Views\\templates\\head_header.php', 8)
 2 SYSTEMPATH\View\View.php(213): include('APPPATH\\Views\\templates\\head_header.php')
 3 SYSTEMPATH\View\View.php(216): CodeIgniter\View\View->CodeIgniter\View\{closure}()
 4 SYSTEMPATH\Common.php(1135): CodeIgniter\View\View->render('templates/head_header.php', [], true)
 5 APPPATH\Controllers\TodosControler.php(8): view('templates/head_header.php')
 6 SYSTEMPATH\CodeIgniter.php(925): App\Controllers\TodosControler->index()
 7 SYSTEMPATH\CodeIgniter.php(480): CodeIgniter\CodeIgniter->runController(Object(App\Controllers\TodosControler))
 8 SYSTEMPATH\CodeIgniter.php(349): CodeIgniter\CodeIgniter->handleRequest(null, Object(Config\Cache), false)
 9 FCPATH\index.php(67): CodeIgniter\CodeIgniter->run()
CRITICAL - 2023-01-17 09:15:18 --> Undefined variable $title
in APPPATH\Views\templates\head_header.php on line 8.
 1 APPPATH\Views\templates\head_header.php(8): CodeIgniter\Debug\Exceptions->errorHandler(2, 'Undefined variable $title', 'APPPATH\\Views\\templates\\head_header.php', 8)
 2 SYSTEMPATH\View\View.php(213): include('APPPATH\\Views\\templates\\head_header.php')
 3 SYSTEMPATH\View\View.php(216): CodeIgniter\View\View->CodeIgniter\View\{closure}()
 4 SYSTEMPATH\Common.php(1135): CodeIgniter\View\View->render('templates/head_header.php', [], true)
 5 APPPATH\Controllers\TodosControler.php(8): view('templates/head_header.php')
 6 SYSTEMPATH\CodeIgniter.php(925): App\Controllers\TodosControler->index()
 7 SYSTEMPATH\CodeIgniter.php(480): CodeIgniter\CodeIgniter->runController(Object(App\Controllers\TodosControler))
 8 SYSTEMPATH\CodeIgniter.php(349): CodeIgniter\CodeIgniter->handleRequest(null, Object(Config\Cache), false)
 9 FCPATH\index.php(67): CodeIgniter\CodeIgniter->run()
CRITICAL - 2023-01-17 09:15:24 --> Undefined variable $title
in APPPATH\Views\templates\head_header.php on line 8.
 1 APPPATH\Views\templates\head_header.php(8): CodeIgniter\Debug\Exceptions->errorHandler(2, 'Undefined variable $title', 'APPPATH\\Views\\templates\\head_header.php', 8)
 2 SYSTEMPATH\View\View.php(213): include('APPPATH\\Views\\templates\\head_header.php')
 3 SYSTEMPATH\View\View.php(216): CodeIgniter\View\View->CodeIgniter\View\{closure}()
 4 SYSTEMPATH\Common.php(1135): CodeIgniter\View\View->render('templates/head_header.php', [], true)
 5 APPPATH\Controllers\TodosControler.php(8): view('templates/head_header.php')
 6 SYSTEMPATH\CodeIgniter.php(925): App\Controllers\TodosControler->index()
 7 SYSTEMPATH\CodeIgniter.php(480): CodeIgniter\CodeIgniter->runController(Object(App\Controllers\TodosControler))
 8 SYSTEMPATH\CodeIgniter.php(349): CodeIgniter\CodeIgniter->handleRequest(null, Object(Config\Cache), false)
 9 FCPATH\index.php(67): CodeIgniter\CodeIgniter->run()
CRITICAL - 2023-01-17 09:15:26 --> Undefined variable $title
in APPPATH\Views\templates\head_header.php on line 8.
 1 APPPATH\Views\templates\head_header.php(8): CodeIgniter\Debug\Exceptions->errorHandler(2, 'Undefined variable $title', 'APPPATH\\Views\\templates\\head_header.php', 8)
 2 SYSTEMPATH\View\View.php(213): include('APPPATH\\Views\\templates\\head_header.php')
 3 SYSTEMPATH\View\View.php(216): CodeIgniter\View\View->CodeIgniter\View\{closure}()
 4 SYSTEMPATH\Common.php(1135): CodeIgniter\View\View->render('templates/head_header.php', [], true)
 5 APPPATH\Controllers\TodosControler.php(8): view('templates/head_header.php')
 6 SYSTEMPATH\CodeIgniter.php(925): App\Controllers\TodosControler->index()
 7 SYSTEMPATH\CodeIgniter.php(480): CodeIgniter\CodeIgniter->runController(Object(App\Controllers\TodosControler))
 8 SYSTEMPATH\CodeIgniter.php(349): CodeIgniter\CodeIgniter->handleRequest(null, Object(Config\Cache), false)
 9 FCPATH\index.php(67): CodeIgniter\CodeIgniter->run()
CRITICAL - 2023-01-17 09:15:34 --> Undefined variable $title
in APPPATH\Views\templates\head_header.php on line 8.
 1 APPPATH\Views\templates\head_header.php(8): CodeIgniter\Debug\Exceptions->errorHandler(2, 'Undefined variable $title', 'APPPATH\\Views\\templates\\head_header.php', 8)
 2 SYSTEMPATH\View\View.php(213): include('APPPATH\\Views\\templates\\head_header.php')
 3 SYSTEMPATH\View\View.php(216): CodeIgniter\View\View->CodeIgniter\View\{closure}()
 4 SYSTEMPATH\Common.php(1135): CodeIgniter\View\View->render('templates/head_header.php', [], true)
 5 APPPATH\Controllers\TodosControler.php(8): view('templates/head_header.php')
 6 SYSTEMPATH\CodeIgniter.php(925): App\Controllers\TodosControler->index()
 7 SYSTEMPATH\CodeIgniter.php(480): CodeIgniter\CodeIgniter->runController(Object(App\Controllers\TodosControler))
 8 SYSTEMPATH\CodeIgniter.php(349): CodeIgniter\CodeIgniter->handleRequest(null, Object(Config\Cache), false)
 9 FCPATH\index.php(67): CodeIgniter\CodeIgniter->run()
CRITICAL - 2023-01-17 09:16:33 --> Undefined variable $title
in APPPATH\Views\templates\head_header.php on line 8.
 1 APPPATH\Views\templates\head_header.php(8): CodeIgniter\Debug\Exceptions->errorHandler(2, 'Undefined variable $title', 'APPPATH\\Views\\templates\\head_header.php', 8)
 2 SYSTEMPATH\View\View.php(213): include('APPPATH\\Views\\templates\\head_header.php')
 3 SYSTEMPATH\View\View.php(216): CodeIgniter\View\View->CodeIgniter\View\{closure}()
 4 SYSTEMPATH\Common.php(1135): CodeIgniter\View\View->render('templates/head_header.php', [], true)
 5 APPPATH\Controllers\TodosControler.php(8): view('templates/head_header.php')
 6 SYSTEMPATH\CodeIgniter.php(925): App\Controllers\TodosControler->index()
 7 SYSTEMPATH\CodeIgniter.php(480): CodeIgniter\CodeIgniter->runController(Object(App\Controllers\TodosControler))
 8 SYSTEMPATH\CodeIgniter.php(349): CodeIgniter\CodeIgniter->handleRequest(null, Object(Config\Cache), false)
 9 FCPATH\index.php(67): CodeIgniter\CodeIgniter->run()
CRITICAL - 2023-01-17 09:16:34 --> Undefined variable $title
in APPPATH\Views\templates\head_header.php on line 8.
 1 APPPATH\Views\templates\head_header.php(8): CodeIgniter\Debug\Exceptions->errorHandler(2, 'Undefined variable $title', 'APPPATH\\Views\\templates\\head_header.php', 8)
 2 SYSTEMPATH\View\View.php(213): include('APPPATH\\Views\\templates\\head_header.php')
 3 SYSTEMPATH\View\View.php(216): CodeIgniter\View\View->CodeIgniter\View\{closure}()
 4 SYSTEMPATH\Common.php(1135): CodeIgniter\View\View->render('templates/head_header.php', [], true)
 5 APPPATH\Controllers\TodosControler.php(8): view('templates/head_header.php')
 6 SYSTEMPATH\CodeIgniter.php(925): App\Controllers\TodosControler->index()
 7 SYSTEMPATH\CodeIgniter.php(480): CodeIgniter\CodeIgniter->runController(Object(App\Controllers\TodosControler))
 8 SYSTEMPATH\CodeIgniter.php(349): CodeIgniter\CodeIgniter->handleRequest(null, Object(Config\Cache), false)
 9 FCPATH\index.php(67): CodeIgniter\CodeIgniter->run()
CRITICAL - 2023-01-17 09:21:44 --> Undefined variable $title
in APPPATH\Views\templates\head_header.php on line 8.
 1 APPPATH\Views\templates\head_header.php(8): CodeIgniter\Debug\Exceptions->errorHandler(2, 'Undefined variable $title', 'APPPATH\\Views\\templates\\head_header.php', 8)
 2 SYSTEMPATH\View\View.php(213): include('APPPATH\\Views\\templates\\head_header.php')
 3 SYSTEMPATH\View\View.php(216): CodeIgniter\View\View->CodeIgniter\View\{closure}()
 4 SYSTEMPATH\Common.php(1135): CodeIgniter\View\View->render('templates/head_header.php', [], true)
 5 APPPATH\Controllers\TodosControler.php(8): view('templates/head_header.php')
 6 SYSTEMPATH\CodeIgniter.php(925): App\Controllers\TodosControler->index()
 7 SYSTEMPATH\CodeIgniter.php(480): CodeIgniter\CodeIgniter->runController(Object(App\Controllers\TodosControler))
 8 SYSTEMPATH\CodeIgniter.php(349): CodeIgniter\CodeIgniter->handleRequest(null, Object(Config\Cache), false)
 9 FCPATH\index.php(67): CodeIgniter\CodeIgniter->run()
CRITICAL - 2023-01-17 09:21:45 --> Undefined variable $title
in APPPATH\Views\templates\head_header.php on line 8.
 1 APPPATH\Views\templates\head_header.php(8): CodeIgniter\Debug\Exceptions->errorHandler(2, 'Undefined variable $title', 'APPPATH\\Views\\templates\\head_header.php', 8)
 2 SYSTEMPATH\View\View.php(213): include('APPPATH\\Views\\templates\\head_header.php')
 3 SYSTEMPATH\View\View.php(216): CodeIgniter\View\View->CodeIgniter\View\{closure}()
 4 SYSTEMPATH\Common.php(1135): CodeIgniter\View\View->render('templates/head_header.php', [], true)
 5 APPPATH\Controllers\TodosControler.php(8): view('templates/head_header.php')
 6 SYSTEMPATH\CodeIgniter.php(925): App\Controllers\TodosControler->index()
 7 SYSTEMPATH\CodeIgniter.php(480): CodeIgniter\CodeIgniter->runController(Object(App\Controllers\TodosControler))
 8 SYSTEMPATH\CodeIgniter.php(349): CodeIgniter\CodeIgniter->handleRequest(null, Object(Config\Cache), false)
 9 FCPATH\index.php(67): CodeIgniter\CodeIgniter->run()
CRITICAL - 2023-01-17 09:26:17 --> Undefined variable $title
in APPPATH\Views\templates\head_header.php on line 8.
 1 APPPATH\Views\templates\head_header.php(8): CodeIgniter\Debug\Exceptions->errorHandler(2, 'Undefined variable $title', 'APPPATH\\Views\\templates\\head_header.php', 8)
 2 SYSTEMPATH\View\View.php(213): include('APPPATH\\Views\\templates\\head_header.php')
 3 SYSTEMPATH\View\View.php(216): CodeIgniter\View\View->CodeIgniter\View\{closure}()
 4 SYSTEMPATH\Common.php(1135): CodeIgniter\View\View->render('templates/head_header.php', [], true)
 5 APPPATH\Controllers\TodosControler.php(8): view('templates/head_header.php')
 6 SYSTEMPATH\CodeIgniter.php(925): App\Controllers\TodosControler->index()
 7 SYSTEMPATH\CodeIgniter.php(480): CodeIgniter\CodeIgniter->runController(Object(App\Controllers\TodosControler))
 8 SYSTEMPATH\CodeIgniter.php(349): CodeIgniter\CodeIgniter->handleRequest(null, Object(Config\Cache), false)
 9 FCPATH\index.php(67): CodeIgniter\CodeIgniter->run()
CRITICAL - 2023-01-17 09:26:37 --> Undefined variable $title
in APPPATH\Views\templates\head_header.php on line 8.
 1 APPPATH\Views\templates\head_header.php(8): CodeIgniter\Debug\Exceptions->errorHandler(2, 'Undefined variable $title', 'APPPATH\\Views\\templates\\head_header.php', 8)
 2 SYSTEMPATH\View\View.php(213): include('APPPATH\\Views\\templates\\head_header.php')
 3 SYSTEMPATH\View\View.php(216): CodeIgniter\View\View->CodeIgniter\View\{closure}()
 4 SYSTEMPATH\Common.php(1135): CodeIgniter\View\View->render('templates/head_header.php', [], true)
 5 APPPATH\Controllers\TodosControler.php(8): view('templates/head_header.php')
 6 SYSTEMPATH\CodeIgniter.php(925): App\Controllers\TodosControler->index()
 7 SYSTEMPATH\CodeIgniter.php(480): CodeIgniter\CodeIgniter->runController(Object(App\Controllers\TodosControler))
 8 SYSTEMPATH\CodeIgniter.php(349): CodeIgniter\CodeIgniter->handleRequest(null, Object(Config\Cache), false)
 9 FCPATH\index.php(67): CodeIgniter\CodeIgniter->run()
CRITICAL - 2023-01-17 09:26:41 --> Undefined variable $title
in APPPATH\Views\templates\head_header.php on line 8.
 1 APPPATH\Views\templates\head_header.php(8): CodeIgniter\Debug\Exceptions->errorHandler(2, 'Undefined variable $title', 'APPPATH\\Views\\templates\\head_header.php', 8)
 2 SYSTEMPATH\View\View.php(213): include('APPPATH\\Views\\templates\\head_header.php')
 3 SYSTEMPATH\View\View.php(216): CodeIgniter\View\View->CodeIgniter\View\{closure}()
 4 SYSTEMPATH\Common.php(1135): CodeIgniter\View\View->render('templates/head_header.php', [], true)
 5 APPPATH\Controllers\TodosControler.php(8): view('templates/head_header.php')
 6 SYSTEMPATH\CodeIgniter.php(925): App\Controllers\TodosControler->index()
 7 SYSTEMPATH\CodeIgniter.php(480): CodeIgniter\CodeIgniter->runController(Object(App\Controllers\TodosControler))
 8 SYSTEMPATH\CodeIgniter.php(349): CodeIgniter\CodeIgniter->handleRequest(null, Object(Config\Cache), false)
 9 FCPATH\index.php(67): CodeIgniter\CodeIgniter->run()
CRITICAL - 2023-01-17 09:30:18 --> Undefined constant "App\Controllers\MitgliederModel"
in APPPATH\Controllers\MitgliederController.php on line 16.
 1 SYSTEMPATH\CodeIgniter.php(925): App\Controllers\MitgliederController->index()
 2 SYSTEMPATH\CodeIgniter.php(480): CodeIgniter\CodeIgniter->runController(Object(App\Controllers\MitgliederController))
 3 SYSTEMPATH\CodeIgniter.php(349): CodeIgniter\CodeIgniter->handleRequest(null, Object(Config\Cache), false)
 4 FCPATH\index.php(67): CodeIgniter\CodeIgniter->run()
CRITICAL - 2023-01-17 10:25:35 --> Undefined constant "App\Controllers\LoginModel"
in APPPATH\Controllers\LoginControler.php on line 16.
 1 SYSTEMPATH\CodeIgniter.php(925): App\Controllers\LoginControler->index()
 2 SYSTEMPATH\CodeIgniter.php(480): CodeIgniter\CodeIgniter->runController(Object(App\Controllers\LoginControler))
 3 SYSTEMPATH\CodeIgniter.php(349): CodeIgniter\CodeIgniter->handleRequest(null, Object(Config\Cache), false)
 4 FCPATH\index.php(67): CodeIgniter\CodeIgniter->run()
CRITICAL - 2023-01-17 10:29:17 --> Undefined variable $title
in APPPATH\Views\templates\head_header.php on line 8.
 1 APPPATH\Views\templates\head_header.php(8): CodeIgniter\Debug\Exceptions->errorHandler(2, 'Undefined variable $title', 'APPPATH\\Views\\templates\\head_header.php', 8)
 2 SYSTEMPATH\View\View.php(213): include('APPPATH\\Views\\templates\\head_header.php')
 3 SYSTEMPATH\View\View.php(216): CodeIgniter\View\View->CodeIgniter\View\{closure}()
 4 SYSTEMPATH\Common.php(1135): CodeIgniter\View\View->render('templates/head_header.php', [], true)
 5 APPPATH\Controllers\LoginControler.php(11): view('templates/head_header.php')
 6 SYSTEMPATH\CodeIgniter.php(925): App\Controllers\LoginControler->index()
 7 SYSTEMPATH\CodeIgniter.php(480): CodeIgniter\CodeIgniter->runController(Object(App\Controllers\LoginControler))
 8 SYSTEMPATH\CodeIgniter.php(349): CodeIgniter\CodeIgniter->handleRequest(null, Object(Config\Cache), false)
 9 FCPATH\index.php(67): CodeIgniter\CodeIgniter->run()
CRITICAL - 2023-01-17 10:29:28 --> Undefined variable $title
in APPPATH\Views\templates\head_header.php on line 8.
 1 APPPATH\Views\templates\head_header.php(8): CodeIgniter\Debug\Exceptions->errorHandler(2, 'Undefined variable $title', 'APPPATH\\Views\\templates\\head_header.php', 8)
 2 SYSTEMPATH\View\View.php(213): include('APPPATH\\Views\\templates\\head_header.php')
 3 SYSTEMPATH\View\View.php(216): CodeIgniter\View\View->CodeIgniter\View\{closure}()
 4 SYSTEMPATH\Common.php(1135): CodeIgniter\View\View->render('templates/head_header.php', [], true)
 5 APPPATH\Controllers\LoginControler.php(11): view('templates/head_header.php')
 6 SYSTEMPATH\CodeIgniter.php(925): App\Controllers\LoginControler->index()
 7 SYSTEMPATH\CodeIgniter.php(480): CodeIgniter\CodeIgniter->runController(Object(App\Controllers\LoginControler))
 8 SYSTEMPATH\CodeIgniter.php(349): CodeIgniter\CodeIgniter->handleRequest(null, Object(Config\Cache), false)
 9 FCPATH\index.php(67): CodeIgniter\CodeIgniter->run()
CRITICAL - 2023-01-17 10:29:57 --> Undefined variable $title
in APPPATH\Views\templates\head_header.php on line 8.
 1 APPPATH\Views\templates\head_header.php(8): CodeIgniter\Debug\Exceptions->errorHandler(2, 'Undefined variable $title', 'APPPATH\\Views\\templates\\head_header.php', 8)
 2 SYSTEMPATH\View\View.php(213): include('APPPATH\\Views\\templates\\head_header.php')
 3 SYSTEMPATH\View\View.php(216): CodeIgniter\View\View->CodeIgniter\View\{closure}()
 4 SYSTEMPATH\Common.php(1135): CodeIgniter\View\View->render('templates/head_header.php', [], true)
 5 APPPATH\Controllers\LoginControler.php(11): view('templates/head_header.php')
 6 SYSTEMPATH\CodeIgniter.php(925): App\Controllers\LoginControler->index()
 7 SYSTEMPATH\CodeIgniter.php(480): CodeIgniter\CodeIgniter->runController(Object(App\Controllers\LoginControler))
 8 SYSTEMPATH\CodeIgniter.php(349): CodeIgniter\CodeIgniter->handleRequest(null, Object(Config\Cache), false)
 9 FCPATH\index.php(67): CodeIgniter\CodeIgniter->run()
CRITICAL - 2023-01-17 10:30:25 --> Undefined variable $title
in APPPATH\Views\templates\head_header.php on line 8.
 1 APPPATH\Views\templates\head_header.php(8): CodeIgniter\Debug\Exceptions->errorHandler(2, 'Undefined variable $title', 'APPPATH\\Views\\templates\\head_header.php', 8)
 2 SYSTEMPATH\View\View.php(213): include('APPPATH\\Views\\templates\\head_header.php')
 3 SYSTEMPATH\View\View.php(216): CodeIgniter\View\View->CodeIgniter\View\{closure}()
 4 SYSTEMPATH\Common.php(1135): CodeIgniter\View\View->render('templates/head_header.php', [], true)
 5 APPPATH\Controllers\LoginControler.php(11): view('templates/head_header.php')
 6 SYSTEMPATH\CodeIgniter.php(925): App\Controllers\LoginControler->index()
 7 SYSTEMPATH\CodeIgniter.php(480): CodeIgniter\CodeIgniter->runController(Object(App\Controllers\LoginControler))
 8 SYSTEMPATH\CodeIgniter.php(349): CodeIgniter\CodeIgniter->handleRequest(null, Object(Config\Cache), false)
 9 FCPATH\index.php(67): CodeIgniter\CodeIgniter->run()
CRITICAL - 2023-01-17 10:30:25 --> Undefined variable $title
in APPPATH\Views\templates\head_header.php on line 8.
 1 APPPATH\Views\templates\head_header.php(8): CodeIgniter\Debug\Exceptions->errorHandler(2, 'Undefined variable $title', 'APPPATH\\Views\\templates\\head_header.php', 8)
 2 SYSTEMPATH\View\View.php(213): include('APPPATH\\Views\\templates\\head_header.php')
 3 SYSTEMPATH\View\View.php(216): CodeIgniter\View\View->CodeIgniter\View\{closure}()
 4 SYSTEMPATH\Common.php(1135): CodeIgniter\View\View->render('templates/head_header.php', [], true)
 5 APPPATH\Controllers\LoginControler.php(11): view('templates/head_header.php')
 6 SYSTEMPATH\CodeIgniter.php(925): App\Controllers\LoginControler->index()
 7 SYSTEMPATH\CodeIgniter.php(480): CodeIgniter\CodeIgniter->runController(Object(App\Controllers\LoginControler))
 8 SYSTEMPATH\CodeIgniter.php(349): CodeIgniter\CodeIgniter->handleRequest(null, Object(Config\Cache), false)
 9 FCPATH\index.php(67): CodeIgniter\CodeIgniter->run()
CRITICAL - 2023-01-17 10:30:26 --> Undefined variable $title
in APPPATH\Views\templates\head_header.php on line 8.
 1 APPPATH\Views\templates\head_header.php(8): CodeIgniter\Debug\Exceptions->errorHandler(2, 'Undefined variable $title', 'APPPATH\\Views\\templates\\head_header.php', 8)
 2 SYSTEMPATH\View\View.php(213): include('APPPATH\\Views\\templates\\head_header.php')
 3 SYSTEMPATH\View\View.php(216): CodeIgniter\View\View->CodeIgniter\View\{closure}()
 4 SYSTEMPATH\Common.php(1135): CodeIgniter\View\View->render('templates/head_header.php', [], true)
 5 APPPATH\Controllers\LoginControler.php(11): view('templates/head_header.php')
 6 SYSTEMPATH\CodeIgniter.php(925): App\Controllers\LoginControler->index()
 7 SYSTEMPATH\CodeIgniter.php(480): CodeIgniter\CodeIgniter->runController(Object(App\Controllers\LoginControler))
 8 SYSTEMPATH\CodeIgniter.php(349): CodeIgniter\CodeIgniter->handleRequest(null, Object(Config\Cache), false)
 9 FCPATH\index.php(67): CodeIgniter\CodeIgniter->run()
CRITICAL - 2023-01-17 10:30:26 --> Undefined variable $title
in APPPATH\Views\templates\head_header.php on line 8.
 1 APPPATH\Views\templates\head_header.php(8): CodeIgniter\Debug\Exceptions->errorHandler(2, 'Undefined variable $title', 'APPPATH\\Views\\templates\\head_header.php', 8)
 2 SYSTEMPATH\View\View.php(213): include('APPPATH\\Views\\templates\\head_header.php')
 3 SYSTEMPATH\View\View.php(216): CodeIgniter\View\View->CodeIgniter\View\{closure}()
 4 SYSTEMPATH\Common.php(1135): CodeIgniter\View\View->render('templates/head_header.php', [], true)
 5 APPPATH\Controllers\LoginControler.php(11): view('templates/head_header.php')
 6 SYSTEMPATH\CodeIgniter.php(925): App\Controllers\LoginControler->index()
 7 SYSTEMPATH\CodeIgniter.php(480): CodeIgniter\CodeIgniter->runController(Object(App\Controllers\LoginControler))
 8 SYSTEMPATH\CodeIgniter.php(349): CodeIgniter\CodeIgniter->handleRequest(null, Object(Config\Cache), false)
 9 FCPATH\index.php(67): CodeIgniter\CodeIgniter->run()
CRITICAL - 2023-01-17 10:30:26 --> Undefined variable $title
in APPPATH\Views\templates\head_header.php on line 8.
 1 APPPATH\Views\templates\head_header.php(8): CodeIgniter\Debug\Exceptions->errorHandler(2, 'Undefined variable $title', 'APPPATH\\Views\\templates\\head_header.php', 8)
 2 SYSTEMPATH\View\View.php(213): include('APPPATH\\Views\\templates\\head_header.php')
 3 SYSTEMPATH\View\View.php(216): CodeIgniter\View\View->CodeIgniter\View\{closure}()
 4 SYSTEMPATH\Common.php(1135): CodeIgniter\View\View->render('templates/head_header.php', [], true)
 5 APPPATH\Controllers\LoginControler.php(11): view('templates/head_header.php')
 6 SYSTEMPATH\CodeIgniter.php(925): App\Controllers\LoginControler->index()
 7 SYSTEMPATH\CodeIgniter.php(480): CodeIgniter\CodeIgniter->runController(Object(App\Controllers\LoginControler))
 8 SYSTEMPATH\CodeIgniter.php(349): CodeIgniter\CodeIgniter->handleRequest(null, Object(Config\Cache), false)
 9 FCPATH\index.php(67): CodeIgniter\CodeIgniter->run()
CRITICAL - 2023-01-17 10:30:52 --> Undefined variable $title
in APPPATH\Views\templates\head_header.php on line 8.
 1 APPPATH\Views\templates\head_header.php(8): CodeIgniter\Debug\Exceptions->errorHandler(2, 'Undefined variable $title', 'APPPATH\\Views\\templates\\head_header.php', 8)
 2 SYSTEMPATH\View\View.php(213): include('APPPATH\\Views\\templates\\head_header.php')
 3 SYSTEMPATH\View\View.php(216): CodeIgniter\View\View->CodeIgniter\View\{closure}()
 4 SYSTEMPATH\Common.php(1135): CodeIgniter\View\View->render('templates/head_header.php', [], true)
 5 APPPATH\Controllers\LoginControler.php(11): view('templates/head_header.php')
 6 SYSTEMPATH\CodeIgniter.php(925): App\Controllers\LoginControler->index()
 7 SYSTEMPATH\CodeIgniter.php(480): CodeIgniter\CodeIgniter->runController(Object(App\Controllers\LoginControler))
 8 SYSTEMPATH\CodeIgniter.php(349): CodeIgniter\CodeIgniter->handleRequest(null, Object(Config\Cache), false)
 9 FCPATH\index.php(67): CodeIgniter\CodeIgniter->run()
CRITICAL - 2023-01-17 10:32:16 --> Undefined variable $title
in APPPATH\Views\templates\head_header.php on line 8.
 1 APPPATH\Views\templates\head_header.php(8): CodeIgniter\Debug\Exceptions->errorHandler(2, 'Undefined variable $title', 'APPPATH\\Views\\templates\\head_header.php', 8)
 2 SYSTEMPATH\View\View.php(213): include('APPPATH\\Views\\templates\\head_header.php')
 3 SYSTEMPATH\View\View.php(216): CodeIgniter\View\View->CodeIgniter\View\{closure}()
 4 SYSTEMPATH\Common.php(1135): CodeIgniter\View\View->render('templates/head_header.php', [], true)
 5 APPPATH\Controllers\LoginControler.php(11): view('templates/head_header.php')
 6 SYSTEMPATH\CodeIgniter.php(925): App\Controllers\LoginControler->index()
 7 SYSTEMPATH\CodeIgniter.php(480): CodeIgniter\CodeIgniter->runController(Object(App\Controllers\LoginControler))
 8 SYSTEMPATH\CodeIgniter.php(349): CodeIgniter\CodeIgniter->handleRequest(null, Object(Config\Cache), false)
 9 FCPATH\index.php(67): CodeIgniter\CodeIgniter->run()
CRITICAL - 2023-01-17 10:32:34 --> Undefined variable $title
in APPPATH\Views\templates\head_header.php on line 8.
 1 APPPATH\Views\templates\head_header.php(8): CodeIgniter\Debug\Exceptions->errorHandler(2, 'Undefined variable $title', 'APPPATH\\Views\\templates\\head_header.php', 8)
 2 SYSTEMPATH\View\View.php(213): include('APPPATH\\Views\\templates\\head_header.php')
 3 SYSTEMPATH\View\View.php(216): CodeIgniter\View\View->CodeIgniter\View\{closure}()
 4 SYSTEMPATH\Common.php(1135): CodeIgniter\View\View->render('templates/head_header.php', [], true)
 5 APPPATH\Controllers\LoginControler.php(11): view('templates/head_header.php')
 6 SYSTEMPATH\CodeIgniter.php(925): App\Controllers\LoginControler->index()
 7 SYSTEMPATH\CodeIgniter.php(480): CodeIgniter\CodeIgniter->runController(Object(App\Controllers\LoginControler))
 8 SYSTEMPATH\CodeIgniter.php(349): CodeIgniter\CodeIgniter->handleRequest(null, Object(Config\Cache), false)
 9 FCPATH\index.php(67): CodeIgniter\CodeIgniter->run()
CRITICAL - 2023-01-17 10:32:36 --> Undefined variable $title
in APPPATH\Views\templates\head_header.php on line 8.
 1 APPPATH\Views\templates\head_header.php(8): CodeIgniter\Debug\Exceptions->errorHandler(2, 'Undefined variable $title', 'APPPATH\\Views\\templates\\head_header.php', 8)
 2 SYSTEMPATH\View\View.php(213): include('APPPATH\\Views\\templates\\head_header.php')
 3 SYSTEMPATH\View\View.php(216): CodeIgniter\View\View->CodeIgniter\View\{closure}()
 4 SYSTEMPATH\Common.php(1135): CodeIgniter\View\View->render('templates/head_header.php', [], true)
 5 APPPATH\Controllers\LoginControler.php(11): view('templates/head_header.php')
 6 SYSTEMPATH\CodeIgniter.php(925): App\Controllers\LoginControler->index()
 7 SYSTEMPATH\CodeIgniter.php(480): CodeIgniter\CodeIgniter->runController(Object(App\Controllers\LoginControler))
 8 SYSTEMPATH\CodeIgniter.php(349): CodeIgniter\CodeIgniter->handleRequest(null, Object(Config\Cache), false)
 9 FCPATH\index.php(67): CodeIgniter\CodeIgniter->run()
