CRITICAL - 2023-01-10 10:06:11 --> include(Views/templates/head_header.php): Failed to open stream: No such file or directory
in APPPATH\Views\Login\Login_Codeigniter.php on line 3.
 1 APPPATH\Views\Login\Login_Codeigniter.php(3): CodeIgniter\Debug\Exceptions->errorHandler(2, 'include(Views/templates/head_header.php): Failed to open stream: No such file or directory', 'APPPATH\\Views\\Login\\Login_Codeigniter.php', 3)
 2 APPPATH\Views\Login\Login_Codeigniter.php(3): include()
 3 SYSTEMPATH\View\View.php(213): include('APPPATH\\Views\\Login\\Login_Codeigniter.php')
 4 SYSTEMPATH\View\View.php(216): CodeIgniter\View\View->CodeIgniter\View\{closure}()
 5 SYSTEMPATH\Common.php(1135): CodeIgniter\View\View->render('Login/Login_Codeigniter.php', [], true)
 6 APPPATH\Controllers\LoginControler.php(8): view('Login/Login_Codeigniter.php')
 7 SYSTEMPATH\CodeIgniter.php(925): App\Controllers\LoginControler->index()
 8 SYSTEMPATH\CodeIgniter.php(480): CodeIgniter\CodeIgniter->runController(Object(App\Controllers\LoginControler))
 9 SYSTEMPATH\CodeIgniter.php(349): CodeIgniter\CodeIgniter->handleRequest(null, Object(Config\Cache), false)
10 FCPATH\index.php(67): CodeIgniter\CodeIgniter->run()
CRITICAL - 2023-01-10 10:16:59 --> Call to undefined function form_open()
in APPPATH\Views\Login\Login_Codeigniter.php on line 16.
 1 SYSTEMPATH\View\View.php(213): include()
 2 SYSTEMPATH\View\View.php(216): CodeIgniter\View\View->CodeIgniter\View\{closure}()
 3 SYSTEMPATH\Common.php(1135): CodeIgniter\View\View->render('Login/Login_Codeigniter.php', [], true)
 4 APPPATH\Controllers\LoginControler.php(8): view('Login/Login_Codeigniter.php')
 5 SYSTEMPATH\CodeIgniter.php(925): App\Controllers\LoginControler->index()
 6 SYSTEMPATH\CodeIgniter.php(480): CodeIgniter\CodeIgniter->runController(Object(App\Controllers\LoginControler))
 7 SYSTEMPATH\CodeIgniter.php(349): CodeIgniter\CodeIgniter->handleRequest(null, Object(Config\Cache), false)
 8 FCPATH\index.php(67): CodeIgniter\CodeIgniter->run()
CRITICAL - 2023-01-10 10:17:00 --> Call to undefined function form_open()
in APPPATH\Views\Login\Login_Codeigniter.php on line 16.
 1 SYSTEMPATH\View\View.php(213): include()
 2 SYSTEMPATH\View\View.php(216): CodeIgniter\View\View->CodeIgniter\View\{closure}()
 3 SYSTEMPATH\Common.php(1135): CodeIgniter\View\View->render('Login/Login_Codeigniter.php', [], true)
 4 APPPATH\Controllers\LoginControler.php(8): view('Login/Login_Codeigniter.php')
 5 SYSTEMPATH\CodeIgniter.php(925): App\Controllers\LoginControler->index()
 6 SYSTEMPATH\CodeIgniter.php(480): CodeIgniter\CodeIgniter->runController(Object(App\Controllers\LoginControler))
 7 SYSTEMPATH\CodeIgniter.php(349): CodeIgniter\CodeIgniter->handleRequest(null, Object(Config\Cache), false)
 8 FCPATH\index.php(67): CodeIgniter\CodeIgniter->run()
CRITICAL - 2023-01-10 10:17:06 --> Call to undefined function form_open()
in APPPATH\Views\Login\Login_Codeigniter.php on line 16.
 1 SYSTEMPATH\View\View.php(213): include()
 2 SYSTEMPATH\View\View.php(216): CodeIgniter\View\View->CodeIgniter\View\{closure}()
 3 SYSTEMPATH\Common.php(1135): CodeIgniter\View\View->render('Login/Login_Codeigniter.php', [], true)
 4 APPPATH\Controllers\LoginControler.php(8): view('Login/Login_Codeigniter.php')
 5 SYSTEMPATH\CodeIgniter.php(925): App\Controllers\LoginControler->index()
 6 SYSTEMPATH\CodeIgniter.php(480): CodeIgniter\CodeIgniter->runController(Object(App\Controllers\LoginControler))
 7 SYSTEMPATH\CodeIgniter.php(349): CodeIgniter\CodeIgniter->handleRequest(null, Object(Config\Cache), false)
 8 FCPATH\index.php(67): CodeIgniter\CodeIgniter->run()
CRITICAL - 2023-01-10 10:18:17 --> Call to undefined function form_open()
in APPPATH\Views\Login\Login_Codeigniter.php on line 14.
 1 SYSTEMPATH\View\View.php(213): include()
 2 SYSTEMPATH\View\View.php(216): CodeIgniter\View\View->CodeIgniter\View\{closure}()
 3 SYSTEMPATH\Common.php(1135): CodeIgniter\View\View->render('Login/Login_Codeigniter.php', [], true)
 4 APPPATH\Controllers\LoginControler.php(8): view('Login/Login_Codeigniter.php')
 5 SYSTEMPATH\CodeIgniter.php(925): App\Controllers\LoginControler->index()
 6 SYSTEMPATH\CodeIgniter.php(480): CodeIgniter\CodeIgniter->runController(Object(App\Controllers\LoginControler))
 7 SYSTEMPATH\CodeIgniter.php(349): CodeIgniter\CodeIgniter->handleRequest(null, Object(Config\Cache), false)
 8 FCPATH\index.php(67): CodeIgniter\CodeIgniter->run()
CRITICAL - 2023-01-10 10:18:18 --> Call to undefined function form_open()
in APPPATH\Views\Login\Login_Codeigniter.php on line 14.
 1 SYSTEMPATH\View\View.php(213): include()
 2 SYSTEMPATH\View\View.php(216): CodeIgniter\View\View->CodeIgniter\View\{closure}()
 3 SYSTEMPATH\Common.php(1135): CodeIgniter\View\View->render('Login/Login_Codeigniter.php', [], true)
 4 APPPATH\Controllers\LoginControler.php(8): view('Login/Login_Codeigniter.php')
 5 SYSTEMPATH\CodeIgniter.php(925): App\Controllers\LoginControler->index()
 6 SYSTEMPATH\CodeIgniter.php(480): CodeIgniter\CodeIgniter->runController(Object(App\Controllers\LoginControler))
 7 SYSTEMPATH\CodeIgniter.php(349): CodeIgniter\CodeIgniter->handleRequest(null, Object(Config\Cache), false)
 8 FCPATH\index.php(67): CodeIgniter\CodeIgniter->run()
CRITICAL - 2023-01-10 10:18:52 --> Call to undefined function form_open()
in APPPATH\Views\Login\Login_Codeigniter.php on line 14.
 1 SYSTEMPATH\View\View.php(213): include()
 2 SYSTEMPATH\View\View.php(216): CodeIgniter\View\View->CodeIgniter\View\{closure}()
 3 SYSTEMPATH\Common.php(1135): CodeIgniter\View\View->render('Login/Login_Codeigniter.php', [], true)
 4 APPPATH\Controllers\LoginControler.php(8): view('Login/Login_Codeigniter.php')
 5 SYSTEMPATH\CodeIgniter.php(925): App\Controllers\LoginControler->index()
 6 SYSTEMPATH\CodeIgniter.php(480): CodeIgniter\CodeIgniter->runController(Object(App\Controllers\LoginControler))
 7 SYSTEMPATH\CodeIgniter.php(349): CodeIgniter\CodeIgniter->handleRequest(null, Object(Config\Cache), false)
 8 FCPATH\index.php(67): CodeIgniter\CodeIgniter->run()
CRITICAL - 2023-01-10 10:19:00 --> Call to undefined function form_open()
in APPPATH\Views\Login\Login_Codeigniter.php on line 14.
 1 SYSTEMPATH\View\View.php(213): include()
 2 SYSTEMPATH\View\View.php(216): CodeIgniter\View\View->CodeIgniter\View\{closure}()
 3 SYSTEMPATH\Common.php(1135): CodeIgniter\View\View->render('Login/Login_Codeigniter.php', [], true)
 4 APPPATH\Controllers\LoginControler.php(8): view('Login/Login_Codeigniter.php')
 5 SYSTEMPATH\CodeIgniter.php(925): App\Controllers\LoginControler->index()
 6 SYSTEMPATH\CodeIgniter.php(480): CodeIgniter\CodeIgniter->runController(Object(App\Controllers\LoginControler))
 7 SYSTEMPATH\CodeIgniter.php(349): CodeIgniter\CodeIgniter->handleRequest(null, Object(Config\Cache), false)
 8 FCPATH\index.php(67): CodeIgniter\CodeIgniter->run()
CRITICAL - 2023-01-10 10:19:29 --> Call to undefined function form_open()
in APPPATH\Views\Login\Login_Codeigniter.php on line 14.
 1 SYSTEMPATH\View\View.php(213): include()
 2 SYSTEMPATH\View\View.php(216): CodeIgniter\View\View->CodeIgniter\View\{closure}()
 3 SYSTEMPATH\Common.php(1135): CodeIgniter\View\View->render('Login/Login_Codeigniter.php', [], true)
 4 APPPATH\Controllers\LoginControler.php(8): view('Login/Login_Codeigniter.php')
 5 SYSTEMPATH\CodeIgniter.php(925): App\Controllers\LoginControler->index()
 6 SYSTEMPATH\CodeIgniter.php(480): CodeIgniter\CodeIgniter->runController(Object(App\Controllers\LoginControler))
 7 SYSTEMPATH\CodeIgniter.php(349): CodeIgniter\CodeIgniter->handleRequest(null, Object(Config\Cache), false)
 8 FCPATH\index.php(67): CodeIgniter\CodeIgniter->run()
