CRITICAL - 2023-01-24 08:11:21 --> require(kint.phar): Failed to open stream: No such file or directory
in APPPATH\Controllers\LoginControler.php on line 3.
 1 APPPATH\Controllers\LoginControler.php(3): CodeIgniter\Debug\Exceptions->errorHandler(2, 'require(kint.phar): Failed to open stream: No such file or directory', 'APPPATH\\Controllers\\LoginControler.php', 3)
 2 APPPATH\Controllers\LoginControler.php(3): require()
 3 SYSTEMPATH\Router\AutoRouter.php(147): include_once('APPPATH\\Controllers\\LoginControler.php')
 4 SYSTEMPATH\Router\Router.php(499): CodeIgniter\Router\AutoRouter->getRoute('LoginControler')
 5 SYSTEMPATH\Router\Router.php(205): CodeIgniter\Router\Router->autoRoute('LoginControler')
 6 SYSTEMPATH\CodeIgniter.php(800): CodeIgniter\Router\Router->handle('LoginControler')
 7 SYSTEMPATH\CodeIgniter.php(428): CodeIgniter\CodeIgniter->tryToRouteIt(Object(CodeIgniter\Router\RouteCollection))
 8 SYSTEMPATH\CodeIgniter.php(349): CodeIgniter\CodeIgniter->handleRequest(null, Object(Config\Cache), false)
 9 FCPATH\index.php(67): CodeIgniter\CodeIgniter->run()
CRITICAL - 2023-01-24 08:11:53 --> require(kint.phar): Failed to open stream: No such file or directory
in APPPATH\Controllers\LoginControler.php on line 3.
 1 APPPATH\Controllers\LoginControler.php(3): CodeIgniter\Debug\Exceptions->errorHandler(2, 'require(kint.phar): Failed to open stream: No such file or directory', 'APPPATH\\Controllers\\LoginControler.php', 3)
 2 APPPATH\Controllers\LoginControler.php(3): require()
 3 SYSTEMPATH\Router\AutoRouter.php(147): include_once('APPPATH\\Controllers\\LoginControler.php')
 4 SYSTEMPATH\Router\Router.php(499): CodeIgniter\Router\AutoRouter->getRoute('LoginControler')
 5 SYSTEMPATH\Router\Router.php(205): CodeIgniter\Router\Router->autoRoute('LoginControler')
 6 SYSTEMPATH\CodeIgniter.php(800): CodeIgniter\Router\Router->handle('LoginControler')
 7 SYSTEMPATH\CodeIgniter.php(428): CodeIgniter\CodeIgniter->tryToRouteIt(Object(CodeIgniter\Router\RouteCollection))
 8 SYSTEMPATH\CodeIgniter.php(349): CodeIgniter\CodeIgniter->handleRequest(null, Object(Config\Cache), false)
 9 FCPATH\index.php(67): CodeIgniter\CodeIgniter->run()
CRITICAL - 2023-01-24 08:12:01 --> require(kint.phar): Failed to open stream: No such file or directory
in APPPATH\Controllers\LoginControler.php on line 3.
 1 APPPATH\Controllers\LoginControler.php(3): CodeIgniter\Debug\Exceptions->errorHandler(2, 'require(kint.phar): Failed to open stream: No such file or directory', 'APPPATH\\Controllers\\LoginControler.php', 3)
 2 APPPATH\Controllers\LoginControler.php(3): require()
 3 SYSTEMPATH\Router\AutoRouter.php(147): include_once('APPPATH\\Controllers\\LoginControler.php')
 4 SYSTEMPATH\Router\Router.php(499): CodeIgniter\Router\AutoRouter->getRoute('LoginControler')
 5 SYSTEMPATH\Router\Router.php(205): CodeIgniter\Router\Router->autoRoute('LoginControler')
 6 SYSTEMPATH\CodeIgniter.php(800): CodeIgniter\Router\Router->handle('LoginControler')
 7 SYSTEMPATH\CodeIgniter.php(428): CodeIgniter\CodeIgniter->tryToRouteIt(Object(CodeIgniter\Router\RouteCollection))
 8 SYSTEMPATH\CodeIgniter.php(349): CodeIgniter\CodeIgniter->handleRequest(null, Object(Config\Cache), false)
 9 FCPATH\index.php(67): CodeIgniter\CodeIgniter->run()
CRITICAL - 2023-01-24 08:12:04 --> require(kint.phar): Failed to open stream: No such file or directory
in APPPATH\Controllers\LoginControler.php on line 3.
 1 APPPATH\Controllers\LoginControler.php(3): CodeIgniter\Debug\Exceptions->errorHandler(2, 'require(kint.phar): Failed to open stream: No such file or directory', 'APPPATH\\Controllers\\LoginControler.php', 3)
 2 APPPATH\Controllers\LoginControler.php(3): require()
 3 SYSTEMPATH\Router\AutoRouter.php(147): include_once('APPPATH\\Controllers\\LoginControler.php')
 4 SYSTEMPATH\Router\Router.php(499): CodeIgniter\Router\AutoRouter->getRoute('LoginControler')
 5 SYSTEMPATH\Router\Router.php(205): CodeIgniter\Router\Router->autoRoute('LoginControler')
 6 SYSTEMPATH\CodeIgniter.php(800): CodeIgniter\Router\Router->handle('LoginControler')
 7 SYSTEMPATH\CodeIgniter.php(428): CodeIgniter\CodeIgniter->tryToRouteIt(Object(CodeIgniter\Router\RouteCollection))
 8 SYSTEMPATH\CodeIgniter.php(349): CodeIgniter\CodeIgniter->handleRequest(null, Object(Config\Cache), false)
 9 FCPATH\index.php(67): CodeIgniter\CodeIgniter->run()
CRITICAL - 2023-01-24 08:12:10 --> require(kint.phar): Failed to open stream: No such file or directory
in APPPATH\Controllers\LoginControler.php on line 3.
 1 APPPATH\Controllers\LoginControler.php(3): CodeIgniter\Debug\Exceptions->errorHandler(2, 'require(kint.phar): Failed to open stream: No such file or directory', 'APPPATH\\Controllers\\LoginControler.php', 3)
 2 APPPATH\Controllers\LoginControler.php(3): require()
 3 SYSTEMPATH\Router\AutoRouter.php(147): include_once('APPPATH\\Controllers\\LoginControler.php')
 4 SYSTEMPATH\Router\Router.php(499): CodeIgniter\Router\AutoRouter->getRoute('LoginControler/index')
 5 SYSTEMPATH\Router\Router.php(205): CodeIgniter\Router\Router->autoRoute('LoginControler/index')
 6 SYSTEMPATH\CodeIgniter.php(800): CodeIgniter\Router\Router->handle('LoginControler/index')
 7 SYSTEMPATH\CodeIgniter.php(428): CodeIgniter\CodeIgniter->tryToRouteIt(Object(CodeIgniter\Router\RouteCollection))
 8 SYSTEMPATH\CodeIgniter.php(349): CodeIgniter\CodeIgniter->handleRequest(null, Object(Config\Cache), false)
 9 FCPATH\index.php(67): CodeIgniter\CodeIgniter->run()
CRITICAL - 2023-01-24 08:12:39 --> require(kint.phar): Failed to open stream: No such file or directory
in APPPATH\Controllers\LoginControler.php on line 3.
 1 APPPATH\Controllers\LoginControler.php(3): CodeIgniter\Debug\Exceptions->errorHandler(2, 'require(kint.phar): Failed to open stream: No such file or directory', 'APPPATH\\Controllers\\LoginControler.php', 3)
 2 APPPATH\Controllers\LoginControler.php(3): require()
 3 SYSTEMPATH\Router\AutoRouter.php(147): include_once('APPPATH\\Controllers\\LoginControler.php')
 4 SYSTEMPATH\Router\Router.php(499): CodeIgniter\Router\AutoRouter->getRoute('LoginControler')
 5 SYSTEMPATH\Router\Router.php(205): CodeIgniter\Router\Router->autoRoute('LoginControler')
 6 SYSTEMPATH\CodeIgniter.php(800): CodeIgniter\Router\Router->handle('LoginControler')
 7 SYSTEMPATH\CodeIgniter.php(428): CodeIgniter\CodeIgniter->tryToRouteIt(Object(CodeIgniter\Router\RouteCollection))
 8 SYSTEMPATH\CodeIgniter.php(349): CodeIgniter\CodeIgniter->handleRequest(null, Object(Config\Cache), false)
 9 FCPATH\index.php(67): CodeIgniter\CodeIgniter->run()
CRITICAL - 2023-01-24 08:12:40 --> require(kint.phar): Failed to open stream: No such file or directory
in APPPATH\Controllers\LoginControler.php on line 3.
 1 APPPATH\Controllers\LoginControler.php(3): CodeIgniter\Debug\Exceptions->errorHandler(2, 'require(kint.phar): Failed to open stream: No such file or directory', 'APPPATH\\Controllers\\LoginControler.php', 3)
 2 APPPATH\Controllers\LoginControler.php(3): require()
 3 SYSTEMPATH\Router\AutoRouter.php(147): include_once('APPPATH\\Controllers\\LoginControler.php')
 4 SYSTEMPATH\Router\Router.php(499): CodeIgniter\Router\AutoRouter->getRoute('LoginControler')
 5 SYSTEMPATH\Router\Router.php(205): CodeIgniter\Router\Router->autoRoute('LoginControler')
 6 SYSTEMPATH\CodeIgniter.php(800): CodeIgniter\Router\Router->handle('LoginControler')
 7 SYSTEMPATH\CodeIgniter.php(428): CodeIgniter\CodeIgniter->tryToRouteIt(Object(CodeIgniter\Router\RouteCollection))
 8 SYSTEMPATH\CodeIgniter.php(349): CodeIgniter\CodeIgniter->handleRequest(null, Object(Config\Cache), false)
 9 FCPATH\index.php(67): CodeIgniter\CodeIgniter->run()
CRITICAL - 2023-01-24 08:12:41 --> require(kint.phar): Failed to open stream: No such file or directory
in APPPATH\Controllers\LoginControler.php on line 3.
 1 APPPATH\Controllers\LoginControler.php(3): CodeIgniter\Debug\Exceptions->errorHandler(2, 'require(kint.phar): Failed to open stream: No such file or directory', 'APPPATH\\Controllers\\LoginControler.php', 3)
 2 APPPATH\Controllers\LoginControler.php(3): require()
 3 SYSTEMPATH\Router\AutoRouter.php(147): include_once('APPPATH\\Controllers\\LoginControler.php')
 4 SYSTEMPATH\Router\Router.php(499): CodeIgniter\Router\AutoRouter->getRoute('LoginControler')
 5 SYSTEMPATH\Router\Router.php(205): CodeIgniter\Router\Router->autoRoute('LoginControler')
 6 SYSTEMPATH\CodeIgniter.php(800): CodeIgniter\Router\Router->handle('LoginControler')
 7 SYSTEMPATH\CodeIgniter.php(428): CodeIgniter\CodeIgniter->tryToRouteIt(Object(CodeIgniter\Router\RouteCollection))
 8 SYSTEMPATH\CodeIgniter.php(349): CodeIgniter\CodeIgniter->handleRequest(null, Object(Config\Cache), false)
 9 FCPATH\index.php(67): CodeIgniter\CodeIgniter->run()
CRITICAL - 2023-01-24 08:12:42 --> require(kint.phar): Failed to open stream: No such file or directory
in APPPATH\Controllers\LoginControler.php on line 3.
 1 APPPATH\Controllers\LoginControler.php(3): CodeIgniter\Debug\Exceptions->errorHandler(2, 'require(kint.phar): Failed to open stream: No such file or directory', 'APPPATH\\Controllers\\LoginControler.php', 3)
 2 APPPATH\Controllers\LoginControler.php(3): require()
 3 SYSTEMPATH\Router\AutoRouter.php(147): include_once('APPPATH\\Controllers\\LoginControler.php')
 4 SYSTEMPATH\Router\Router.php(499): CodeIgniter\Router\AutoRouter->getRoute('LoginControler')
 5 SYSTEMPATH\Router\Router.php(205): CodeIgniter\Router\Router->autoRoute('LoginControler')
 6 SYSTEMPATH\CodeIgniter.php(800): CodeIgniter\Router\Router->handle('LoginControler')
 7 SYSTEMPATH\CodeIgniter.php(428): CodeIgniter\CodeIgniter->tryToRouteIt(Object(CodeIgniter\Router\RouteCollection))
 8 SYSTEMPATH\CodeIgniter.php(349): CodeIgniter\CodeIgniter->handleRequest(null, Object(Config\Cache), false)
 9 FCPATH\index.php(67): CodeIgniter\CodeIgniter->run()
CRITICAL - 2023-01-24 08:12:56 --> require(kint.phar): Failed to open stream: No such file or directory
in APPPATH\Controllers\LoginControler.php on line 3.
 1 APPPATH\Controllers\LoginControler.php(3): CodeIgniter\Debug\Exceptions->errorHandler(2, 'require(kint.phar): Failed to open stream: No such file or directory', 'APPPATH\\Controllers\\LoginControler.php', 3)
 2 APPPATH\Controllers\LoginControler.php(3): require()
 3 SYSTEMPATH\Router\AutoRouter.php(147): include_once('APPPATH\\Controllers\\LoginControler.php')
 4 SYSTEMPATH\Router\Router.php(499): CodeIgniter\Router\AutoRouter->getRoute('LoginControler')
 5 SYSTEMPATH\Router\Router.php(205): CodeIgniter\Router\Router->autoRoute('LoginControler')
 6 SYSTEMPATH\CodeIgniter.php(800): CodeIgniter\Router\Router->handle('LoginControler')
 7 SYSTEMPATH\CodeIgniter.php(428): CodeIgniter\CodeIgniter->tryToRouteIt(Object(CodeIgniter\Router\RouteCollection))
 8 SYSTEMPATH\CodeIgniter.php(349): CodeIgniter\CodeIgniter->handleRequest(null, Object(Config\Cache), false)
 9 FCPATH\index.php(67): CodeIgniter\CodeIgniter->run()
CRITICAL - 2023-01-24 08:13:40 --> require(kint.phar): Failed to open stream: No such file or directory
in APPPATH\Controllers\LoginControler.php on line 3.
 1 APPPATH\Controllers\LoginControler.php(3): CodeIgniter\Debug\Exceptions->errorHandler(2, 'require(kint.phar): Failed to open stream: No such file or directory', 'APPPATH\\Controllers\\LoginControler.php', 3)
 2 APPPATH\Controllers\LoginControler.php(3): require()
 3 SYSTEMPATH\Router\AutoRouter.php(147): include_once('APPPATH\\Controllers\\LoginControler.php')
 4 SYSTEMPATH\Router\Router.php(499): CodeIgniter\Router\AutoRouter->getRoute('LoginControler')
 5 SYSTEMPATH\Router\Router.php(205): CodeIgniter\Router\Router->autoRoute('LoginControler')
 6 SYSTEMPATH\CodeIgniter.php(800): CodeIgniter\Router\Router->handle('LoginControler')
 7 SYSTEMPATH\CodeIgniter.php(428): CodeIgniter\CodeIgniter->tryToRouteIt(Object(CodeIgniter\Router\RouteCollection))
 8 SYSTEMPATH\CodeIgniter.php(349): CodeIgniter\CodeIgniter->handleRequest(null, Object(Config\Cache), false)
 9 FCPATH\index.php(67): CodeIgniter\CodeIgniter->run()
CRITICAL - 2023-01-24 08:13:41 --> require(kint.phar): Failed to open stream: No such file or directory
in APPPATH\Controllers\LoginControler.php on line 3.
 1 APPPATH\Controllers\LoginControler.php(3): CodeIgniter\Debug\Exceptions->errorHandler(2, 'require(kint.phar): Failed to open stream: No such file or directory', 'APPPATH\\Controllers\\LoginControler.php', 3)
 2 APPPATH\Controllers\LoginControler.php(3): require()
 3 SYSTEMPATH\Router\AutoRouter.php(147): include_once('APPPATH\\Controllers\\LoginControler.php')
 4 SYSTEMPATH\Router\Router.php(499): CodeIgniter\Router\AutoRouter->getRoute('LoginControler')
 5 SYSTEMPATH\Router\Router.php(205): CodeIgniter\Router\Router->autoRoute('LoginControler')
 6 SYSTEMPATH\CodeIgniter.php(800): CodeIgniter\Router\Router->handle('LoginControler')
 7 SYSTEMPATH\CodeIgniter.php(428): CodeIgniter\CodeIgniter->tryToRouteIt(Object(CodeIgniter\Router\RouteCollection))
 8 SYSTEMPATH\CodeIgniter.php(349): CodeIgniter\CodeIgniter->handleRequest(null, Object(Config\Cache), false)
 9 FCPATH\index.php(67): CodeIgniter\CodeIgniter->run()
CRITICAL - 2023-01-24 08:14:06 --> require(kint.phar): Failed to open stream: No such file or directory
in APPPATH\Controllers\LoginControler.php on line 3.
 1 APPPATH\Controllers\LoginControler.php(3): CodeIgniter\Debug\Exceptions->errorHandler(2, 'require(kint.phar): Failed to open stream: No such file or directory', 'APPPATH\\Controllers\\LoginControler.php', 3)
 2 APPPATH\Controllers\LoginControler.php(3): require()
 3 SYSTEMPATH\Router\AutoRouter.php(147): include_once('APPPATH\\Controllers\\LoginControler.php')
 4 SYSTEMPATH\Router\Router.php(499): CodeIgniter\Router\AutoRouter->getRoute('LoginControler')
 5 SYSTEMPATH\Router\Router.php(205): CodeIgniter\Router\Router->autoRoute('LoginControler')
 6 SYSTEMPATH\CodeIgniter.php(800): CodeIgniter\Router\Router->handle('LoginControler')
 7 SYSTEMPATH\CodeIgniter.php(428): CodeIgniter\CodeIgniter->tryToRouteIt(Object(CodeIgniter\Router\RouteCollection))
 8 SYSTEMPATH\CodeIgniter.php(349): CodeIgniter\CodeIgniter->handleRequest(null, Object(Config\Cache), false)
 9 FCPATH\index.php(67): CodeIgniter\CodeIgniter->run()
CRITICAL - 2023-01-24 08:14:18 --> require(kint.phar): Failed to open stream: No such file or directory
in APPPATH\Controllers\LoginControler.php on line 3.
 1 APPPATH\Controllers\LoginControler.php(3): CodeIgniter\Debug\Exceptions->errorHandler(2, 'require(kint.phar): Failed to open stream: No such file or directory', 'APPPATH\\Controllers\\LoginControler.php', 3)
 2 APPPATH\Controllers\LoginControler.php(3): require()
 3 SYSTEMPATH\Router\AutoRouter.php(147): include_once('APPPATH\\Controllers\\LoginControler.php')
 4 SYSTEMPATH\Router\Router.php(499): CodeIgniter\Router\AutoRouter->getRoute('LoginControler')
 5 SYSTEMPATH\Router\Router.php(205): CodeIgniter\Router\Router->autoRoute('LoginControler')
 6 SYSTEMPATH\CodeIgniter.php(800): CodeIgniter\Router\Router->handle('LoginControler')
 7 SYSTEMPATH\CodeIgniter.php(428): CodeIgniter\CodeIgniter->tryToRouteIt(Object(CodeIgniter\Router\RouteCollection))
 8 SYSTEMPATH\CodeIgniter.php(349): CodeIgniter\CodeIgniter->handleRequest(null, Object(Config\Cache), false)
 9 FCPATH\index.php(67): CodeIgniter\CodeIgniter->run()
CRITICAL - 2023-01-24 08:14:19 --> require(kint.phar): Failed to open stream: No such file or directory
in APPPATH\Controllers\LoginControler.php on line 3.
 1 APPPATH\Controllers\LoginControler.php(3): CodeIgniter\Debug\Exceptions->errorHandler(2, 'require(kint.phar): Failed to open stream: No such file or directory', 'APPPATH\\Controllers\\LoginControler.php', 3)
 2 APPPATH\Controllers\LoginControler.php(3): require()
 3 SYSTEMPATH\Router\AutoRouter.php(147): include_once('APPPATH\\Controllers\\LoginControler.php')
 4 SYSTEMPATH\Router\Router.php(499): CodeIgniter\Router\AutoRouter->getRoute('LoginControler')
 5 SYSTEMPATH\Router\Router.php(205): CodeIgniter\Router\Router->autoRoute('LoginControler')
 6 SYSTEMPATH\CodeIgniter.php(800): CodeIgniter\Router\Router->handle('LoginControler')
 7 SYSTEMPATH\CodeIgniter.php(428): CodeIgniter\CodeIgniter->tryToRouteIt(Object(CodeIgniter\Router\RouteCollection))
 8 SYSTEMPATH\CodeIgniter.php(349): CodeIgniter\CodeIgniter->handleRequest(null, Object(Config\Cache), false)
 9 FCPATH\index.php(67): CodeIgniter\CodeIgniter->run()
CRITICAL - 2023-01-24 08:15:09 --> require(kint.phar): Failed to open stream: No such file or directory
in APPPATH\Controllers\LoginControler.php on line 3.
 1 APPPATH\Controllers\LoginControler.php(3): CodeIgniter\Debug\Exceptions->errorHandler(2, 'require(kint.phar): Failed to open stream: No such file or directory', 'APPPATH\\Controllers\\LoginControler.php', 3)
 2 APPPATH\Controllers\LoginControler.php(3): require()
 3 SYSTEMPATH\Router\AutoRouter.php(147): include_once('APPPATH\\Controllers\\LoginControler.php')
 4 SYSTEMPATH\Router\Router.php(499): CodeIgniter\Router\AutoRouter->getRoute('LoginControler')
 5 SYSTEMPATH\Router\Router.php(205): CodeIgniter\Router\Router->autoRoute('LoginControler')
 6 SYSTEMPATH\CodeIgniter.php(800): CodeIgniter\Router\Router->handle('LoginControler')
 7 SYSTEMPATH\CodeIgniter.php(428): CodeIgniter\CodeIgniter->tryToRouteIt(Object(CodeIgniter\Router\RouteCollection))
 8 SYSTEMPATH\CodeIgniter.php(349): CodeIgniter\CodeIgniter->handleRequest(null, Object(Config\Cache), false)
 9 FCPATH\index.php(67): CodeIgniter\CodeIgniter->run()
CRITICAL - 2023-01-24 08:15:10 --> require(kint.phar): Failed to open stream: No such file or directory
in APPPATH\Controllers\LoginControler.php on line 3.
 1 APPPATH\Controllers\LoginControler.php(3): CodeIgniter\Debug\Exceptions->errorHandler(2, 'require(kint.phar): Failed to open stream: No such file or directory', 'APPPATH\\Controllers\\LoginControler.php', 3)
 2 APPPATH\Controllers\LoginControler.php(3): require()
 3 SYSTEMPATH\Router\AutoRouter.php(147): include_once('APPPATH\\Controllers\\LoginControler.php')
 4 SYSTEMPATH\Router\Router.php(499): CodeIgniter\Router\AutoRouter->getRoute('LoginControler')
 5 SYSTEMPATH\Router\Router.php(205): CodeIgniter\Router\Router->autoRoute('LoginControler')
 6 SYSTEMPATH\CodeIgniter.php(800): CodeIgniter\Router\Router->handle('LoginControler')
 7 SYSTEMPATH\CodeIgniter.php(428): CodeIgniter\CodeIgniter->tryToRouteIt(Object(CodeIgniter\Router\RouteCollection))
 8 SYSTEMPATH\CodeIgniter.php(349): CodeIgniter\CodeIgniter->handleRequest(null, Object(Config\Cache), false)
 9 FCPATH\index.php(67): CodeIgniter\CodeIgniter->run()
CRITICAL - 2023-01-24 08:31:59 --> require(kint.phar): Failed to open stream: No such file or directory
in APPPATH\Controllers\LoginControler.php on line 3.
 1 APPPATH\Controllers\LoginControler.php(3): CodeIgniter\Debug\Exceptions->errorHandler(2, 'require(kint.phar): Failed to open stream: No such file or directory', 'APPPATH\\Controllers\\LoginControler.php', 3)
 2 APPPATH\Controllers\LoginControler.php(3): require()
 3 SYSTEMPATH\Router\AutoRouter.php(147): include_once('APPPATH\\Controllers\\LoginControler.php')
 4 SYSTEMPATH\Router\Router.php(499): CodeIgniter\Router\AutoRouter->getRoute('LoginControler')
 5 SYSTEMPATH\Router\Router.php(205): CodeIgniter\Router\Router->autoRoute('LoginControler')
 6 SYSTEMPATH\CodeIgniter.php(800): CodeIgniter\Router\Router->handle('LoginControler')
 7 SYSTEMPATH\CodeIgniter.php(428): CodeIgniter\CodeIgniter->tryToRouteIt(Object(CodeIgniter\Router\RouteCollection))
 8 SYSTEMPATH\CodeIgniter.php(349): CodeIgniter\CodeIgniter->handleRequest(null, Object(Config\Cache), false)
 9 FCPATH\index.php(67): CodeIgniter\CodeIgniter->run()
CRITICAL - 2023-01-24 08:32:58 --> require(kint.phar): Failed to open stream: No such file or directory
in APPPATH\Controllers\LoginControler.php on line 3.
 1 APPPATH\Controllers\LoginControler.php(3): CodeIgniter\Debug\Exceptions->errorHandler(2, 'require(kint.phar): Failed to open stream: No such file or directory', 'APPPATH\\Controllers\\LoginControler.php', 3)
 2 APPPATH\Controllers\LoginControler.php(3): require()
 3 SYSTEMPATH\Router\AutoRouter.php(147): include_once('APPPATH\\Controllers\\LoginControler.php')
 4 SYSTEMPATH\Router\Router.php(499): CodeIgniter\Router\AutoRouter->getRoute('LoginControler')
 5 SYSTEMPATH\Router\Router.php(205): CodeIgniter\Router\Router->autoRoute('LoginControler')
 6 SYSTEMPATH\CodeIgniter.php(800): CodeIgniter\Router\Router->handle('LoginControler')
 7 SYSTEMPATH\CodeIgniter.php(428): CodeIgniter\CodeIgniter->tryToRouteIt(Object(CodeIgniter\Router\RouteCollection))
 8 SYSTEMPATH\CodeIgniter.php(349): CodeIgniter\CodeIgniter->handleRequest(null, Object(Config\Cache), false)
 9 FCPATH\index.php(67): CodeIgniter\CodeIgniter->run()
CRITICAL - 2023-01-24 08:32:59 --> require(kint.phar): Failed to open stream: No such file or directory
in APPPATH\Controllers\LoginControler.php on line 3.
 1 APPPATH\Controllers\LoginControler.php(3): CodeIgniter\Debug\Exceptions->errorHandler(2, 'require(kint.phar): Failed to open stream: No such file or directory', 'APPPATH\\Controllers\\LoginControler.php', 3)
 2 APPPATH\Controllers\LoginControler.php(3): require()
 3 SYSTEMPATH\Router\AutoRouter.php(147): include_once('APPPATH\\Controllers\\LoginControler.php')
 4 SYSTEMPATH\Router\Router.php(499): CodeIgniter\Router\AutoRouter->getRoute('LoginControler')
 5 SYSTEMPATH\Router\Router.php(205): CodeIgniter\Router\Router->autoRoute('LoginControler')
 6 SYSTEMPATH\CodeIgniter.php(800): CodeIgniter\Router\Router->handle('LoginControler')
 7 SYSTEMPATH\CodeIgniter.php(428): CodeIgniter\CodeIgniter->tryToRouteIt(Object(CodeIgniter\Router\RouteCollection))
 8 SYSTEMPATH\CodeIgniter.php(349): CodeIgniter\CodeIgniter->handleRequest(null, Object(Config\Cache), false)
 9 FCPATH\index.php(67): CodeIgniter\CodeIgniter->run()
CRITICAL - 2023-01-24 08:34:38 --> require(kint.phar): Failed to open stream: No such file or directory
in APPPATH\Controllers\LoginControler.php on line 3.
 1 APPPATH\Controllers\LoginControler.php(3): CodeIgniter\Debug\Exceptions->errorHandler(2, 'require(kint.phar): Failed to open stream: No such file or directory', 'APPPATH\\Controllers\\LoginControler.php', 3)
 2 APPPATH\Controllers\LoginControler.php(3): require()
 3 SYSTEMPATH\Router\AutoRouter.php(147): include_once('APPPATH\\Controllers\\LoginControler.php')
 4 SYSTEMPATH\Router\Router.php(499): CodeIgniter\Router\AutoRouter->getRoute('LoginControler')
 5 SYSTEMPATH\Router\Router.php(205): CodeIgniter\Router\Router->autoRoute('LoginControler')
 6 SYSTEMPATH\CodeIgniter.php(800): CodeIgniter\Router\Router->handle('LoginControler')
 7 SYSTEMPATH\CodeIgniter.php(428): CodeIgniter\CodeIgniter->tryToRouteIt(Object(CodeIgniter\Router\RouteCollection))
 8 SYSTEMPATH\CodeIgniter.php(349): CodeIgniter\CodeIgniter->handleRequest(null, Object(Config\Cache), false)
 9 FCPATH\index.php(67): CodeIgniter\CodeIgniter->run()
CRITICAL - 2023-01-24 08:34:50 --> require(kint.phar): Failed to open stream: No such file or directory
in APPPATH\Controllers\LoginControler.php on line 3.
 1 APPPATH\Controllers\LoginControler.php(3): CodeIgniter\Debug\Exceptions->errorHandler(2, 'require(kint.phar): Failed to open stream: No such file or directory', 'APPPATH\\Controllers\\LoginControler.php', 3)
 2 APPPATH\Controllers\LoginControler.php(3): require()
 3 SYSTEMPATH\Router\AutoRouter.php(147): include_once('APPPATH\\Controllers\\LoginControler.php')
 4 SYSTEMPATH\Router\Router.php(499): CodeIgniter\Router\AutoRouter->getRoute('LoginControler/index')
 5 SYSTEMPATH\Router\Router.php(205): CodeIgniter\Router\Router->autoRoute('LoginControler/index')
 6 SYSTEMPATH\CodeIgniter.php(800): CodeIgniter\Router\Router->handle('LoginControler/index')
 7 SYSTEMPATH\CodeIgniter.php(428): CodeIgniter\CodeIgniter->tryToRouteIt(Object(CodeIgniter\Router\RouteCollection))
 8 SYSTEMPATH\CodeIgniter.php(349): CodeIgniter\CodeIgniter->handleRequest(null, Object(Config\Cache), false)
 9 FCPATH\index.php(67): CodeIgniter\CodeIgniter->run()
CRITICAL - 2023-01-24 08:34:54 --> require(kint.phar): Failed to open stream: No such file or directory
in APPPATH\Controllers\LoginControler.php on line 3.
 1 APPPATH\Controllers\LoginControler.php(3): CodeIgniter\Debug\Exceptions->errorHandler(2, 'require(kint.phar): Failed to open stream: No such file or directory', 'APPPATH\\Controllers\\LoginControler.php', 3)
 2 APPPATH\Controllers\LoginControler.php(3): require()
 3 SYSTEMPATH\Router\AutoRouter.php(147): include_once('APPPATH\\Controllers\\LoginControler.php')
 4 SYSTEMPATH\Router\Router.php(499): CodeIgniter\Router\AutoRouter->getRoute('LoginControler')
 5 SYSTEMPATH\Router\Router.php(205): CodeIgniter\Router\Router->autoRoute('LoginControler')
 6 SYSTEMPATH\CodeIgniter.php(800): CodeIgniter\Router\Router->handle('LoginControler')
 7 SYSTEMPATH\CodeIgniter.php(428): CodeIgniter\CodeIgniter->tryToRouteIt(Object(CodeIgniter\Router\RouteCollection))
 8 SYSTEMPATH\CodeIgniter.php(349): CodeIgniter\CodeIgniter->handleRequest(null, Object(Config\Cache), false)
 9 FCPATH\index.php(67): CodeIgniter\CodeIgniter->run()
CRITICAL - 2023-01-24 08:34:54 --> require(kint.phar): Failed to open stream: No such file or directory
in APPPATH\Controllers\LoginControler.php on line 3.
 1 APPPATH\Controllers\LoginControler.php(3): CodeIgniter\Debug\Exceptions->errorHandler(2, 'require(kint.phar): Failed to open stream: No such file or directory', 'APPPATH\\Controllers\\LoginControler.php', 3)
 2 APPPATH\Controllers\LoginControler.php(3): require()
 3 SYSTEMPATH\Router\AutoRouter.php(147): include_once('APPPATH\\Controllers\\LoginControler.php')
 4 SYSTEMPATH\Router\Router.php(499): CodeIgniter\Router\AutoRouter->getRoute('LoginControler')
 5 SYSTEMPATH\Router\Router.php(205): CodeIgniter\Router\Router->autoRoute('LoginControler')
 6 SYSTEMPATH\CodeIgniter.php(800): CodeIgniter\Router\Router->handle('LoginControler')
 7 SYSTEMPATH\CodeIgniter.php(428): CodeIgniter\CodeIgniter->tryToRouteIt(Object(CodeIgniter\Router\RouteCollection))
 8 SYSTEMPATH\CodeIgniter.php(349): CodeIgniter\CodeIgniter->handleRequest(null, Object(Config\Cache), false)
 9 FCPATH\index.php(67): CodeIgniter\CodeIgniter->run()
CRITICAL - 2023-01-24 08:35:12 --> require(kint.phar): Failed to open stream: No such file or directory
in APPPATH\Controllers\LoginControler.php on line 3.
 1 APPPATH\Controllers\LoginControler.php(3): CodeIgniter\Debug\Exceptions->errorHandler(2, 'require(kint.phar): Failed to open stream: No such file or directory', 'APPPATH\\Controllers\\LoginControler.php', 3)
 2 APPPATH\Controllers\LoginControler.php(3): require()
 3 SYSTEMPATH\Router\AutoRouter.php(147): include_once('APPPATH\\Controllers\\LoginControler.php')
 4 SYSTEMPATH\Router\Router.php(499): CodeIgniter\Router\AutoRouter->getRoute('LoginControler')
 5 SYSTEMPATH\Router\Router.php(205): CodeIgniter\Router\Router->autoRoute('LoginControler')
 6 SYSTEMPATH\CodeIgniter.php(800): CodeIgniter\Router\Router->handle('LoginControler')
 7 SYSTEMPATH\CodeIgniter.php(428): CodeIgniter\CodeIgniter->tryToRouteIt(Object(CodeIgniter\Router\RouteCollection))
 8 SYSTEMPATH\CodeIgniter.php(349): CodeIgniter\CodeIgniter->handleRequest(null, Object(Config\Cache), false)
 9 FCPATH\index.php(67): CodeIgniter\CodeIgniter->run()
CRITICAL - 2023-01-24 08:35:12 --> require(kint.phar): Failed to open stream: No such file or directory
in APPPATH\Controllers\LoginControler.php on line 3.
 1 APPPATH\Controllers\LoginControler.php(3): CodeIgniter\Debug\Exceptions->errorHandler(2, 'require(kint.phar): Failed to open stream: No such file or directory', 'APPPATH\\Controllers\\LoginControler.php', 3)
 2 APPPATH\Controllers\LoginControler.php(3): require()
 3 SYSTEMPATH\Router\AutoRouter.php(147): include_once('APPPATH\\Controllers\\LoginControler.php')
 4 SYSTEMPATH\Router\Router.php(499): CodeIgniter\Router\AutoRouter->getRoute('LoginControler')
 5 SYSTEMPATH\Router\Router.php(205): CodeIgniter\Router\Router->autoRoute('LoginControler')
 6 SYSTEMPATH\CodeIgniter.php(800): CodeIgniter\Router\Router->handle('LoginControler')
 7 SYSTEMPATH\CodeIgniter.php(428): CodeIgniter\CodeIgniter->tryToRouteIt(Object(CodeIgniter\Router\RouteCollection))
 8 SYSTEMPATH\CodeIgniter.php(349): CodeIgniter\CodeIgniter->handleRequest(null, Object(Config\Cache), false)
 9 FCPATH\index.php(67): CodeIgniter\CodeIgniter->run()
CRITICAL - 2023-01-24 08:35:25 --> require(kint.phar): Failed to open stream: No such file or directory
in APPPATH\Controllers\LoginControler.php on line 3.
 1 APPPATH\Controllers\LoginControler.php(3): CodeIgniter\Debug\Exceptions->errorHandler(2, 'require(kint.phar): Failed to open stream: No such file or directory', 'APPPATH\\Controllers\\LoginControler.php', 3)
 2 APPPATH\Controllers\LoginControler.php(3): require()
 3 SYSTEMPATH\Router\AutoRouter.php(147): include_once('APPPATH\\Controllers\\LoginControler.php')
 4 SYSTEMPATH\Router\Router.php(499): CodeIgniter\Router\AutoRouter->getRoute('LoginControler')
 5 SYSTEMPATH\Router\Router.php(205): CodeIgniter\Router\Router->autoRoute('LoginControler')
 6 SYSTEMPATH\CodeIgniter.php(800): CodeIgniter\Router\Router->handle('LoginControler')
 7 SYSTEMPATH\CodeIgniter.php(428): CodeIgniter\CodeIgniter->tryToRouteIt(Object(CodeIgniter\Router\RouteCollection))
 8 SYSTEMPATH\CodeIgniter.php(349): CodeIgniter\CodeIgniter->handleRequest(null, Object(Config\Cache), false)
 9 FCPATH\index.php(67): CodeIgniter\CodeIgniter->run()
CRITICAL - 2023-01-24 08:35:28 --> require(kint.phar): Failed to open stream: No such file or directory
in APPPATH\Controllers\LoginControler.php on line 3.
 1 APPPATH\Controllers\LoginControler.php(3): CodeIgniter\Debug\Exceptions->errorHandler(2, 'require(kint.phar): Failed to open stream: No such file or directory', 'APPPATH\\Controllers\\LoginControler.php', 3)
 2 APPPATH\Controllers\LoginControler.php(3): require()
 3 SYSTEMPATH\Router\AutoRouter.php(147): include_once('APPPATH\\Controllers\\LoginControler.php')
 4 SYSTEMPATH\Router\Router.php(499): CodeIgniter\Router\AutoRouter->getRoute('LoginControler')
 5 SYSTEMPATH\Router\Router.php(205): CodeIgniter\Router\Router->autoRoute('LoginControler')
 6 SYSTEMPATH\CodeIgniter.php(800): CodeIgniter\Router\Router->handle('LoginControler')
 7 SYSTEMPATH\CodeIgniter.php(428): CodeIgniter\CodeIgniter->tryToRouteIt(Object(CodeIgniter\Router\RouteCollection))
 8 SYSTEMPATH\CodeIgniter.php(349): CodeIgniter\CodeIgniter->handleRequest(null, Object(Config\Cache), false)
 9 FCPATH\index.php(67): CodeIgniter\CodeIgniter->run()
CRITICAL - 2023-01-24 08:35:54 --> syntax error, unexpected token "}", expecting ";"
in APPPATH\Controllers\LoginControler.php on line 16.
 1 SYSTEMPATH\Router\Router.php(499): CodeIgniter\Router\AutoRouter->getRoute('LoginControler')
 2 SYSTEMPATH\Router\Router.php(205): CodeIgniter\Router\Router->autoRoute('LoginControler')
 3 SYSTEMPATH\CodeIgniter.php(800): CodeIgniter\Router\Router->handle('LoginControler')
 4 SYSTEMPATH\CodeIgniter.php(428): CodeIgniter\CodeIgniter->tryToRouteIt(Object(CodeIgniter\Router\RouteCollection))
 5 SYSTEMPATH\CodeIgniter.php(349): CodeIgniter\CodeIgniter->handleRequest(null, Object(Config\Cache), false)
 6 FCPATH\index.php(67): CodeIgniter\CodeIgniter->run()
CRITICAL - 2023-01-24 08:36:03 --> require(kint.phar): Failed to open stream: No such file or directory
in APPPATH\Controllers\LoginControler.php on line 3.
 1 APPPATH\Controllers\LoginControler.php(3): CodeIgniter\Debug\Exceptions->errorHandler(2, 'require(kint.phar): Failed to open stream: No such file or directory', 'APPPATH\\Controllers\\LoginControler.php', 3)
 2 APPPATH\Controllers\LoginControler.php(3): require()
 3 SYSTEMPATH\Router\AutoRouter.php(147): include_once('APPPATH\\Controllers\\LoginControler.php')
 4 SYSTEMPATH\Router\Router.php(499): CodeIgniter\Router\AutoRouter->getRoute('LoginControler')
 5 SYSTEMPATH\Router\Router.php(205): CodeIgniter\Router\Router->autoRoute('LoginControler')
 6 SYSTEMPATH\CodeIgniter.php(800): CodeIgniter\Router\Router->handle('LoginControler')
 7 SYSTEMPATH\CodeIgniter.php(428): CodeIgniter\CodeIgniter->tryToRouteIt(Object(CodeIgniter\Router\RouteCollection))
 8 SYSTEMPATH\CodeIgniter.php(349): CodeIgniter\CodeIgniter->handleRequest(null, Object(Config\Cache), false)
 9 FCPATH\index.php(67): CodeIgniter\CodeIgniter->run()
CRITICAL - 2023-01-24 08:36:04 --> require(kint.phar): Failed to open stream: No such file or directory
in APPPATH\Controllers\LoginControler.php on line 3.
 1 APPPATH\Controllers\LoginControler.php(3): CodeIgniter\Debug\Exceptions->errorHandler(2, 'require(kint.phar): Failed to open stream: No such file or directory', 'APPPATH\\Controllers\\LoginControler.php', 3)
 2 APPPATH\Controllers\LoginControler.php(3): require()
 3 SYSTEMPATH\Router\AutoRouter.php(147): include_once('APPPATH\\Controllers\\LoginControler.php')
 4 SYSTEMPATH\Router\Router.php(499): CodeIgniter\Router\AutoRouter->getRoute('LoginControler')
 5 SYSTEMPATH\Router\Router.php(205): CodeIgniter\Router\Router->autoRoute('LoginControler')
 6 SYSTEMPATH\CodeIgniter.php(800): CodeIgniter\Router\Router->handle('LoginControler')
 7 SYSTEMPATH\CodeIgniter.php(428): CodeIgniter\CodeIgniter->tryToRouteIt(Object(CodeIgniter\Router\RouteCollection))
 8 SYSTEMPATH\CodeIgniter.php(349): CodeIgniter\CodeIgniter->handleRequest(null, Object(Config\Cache), false)
 9 FCPATH\index.php(67): CodeIgniter\CodeIgniter->run()
CRITICAL - 2023-01-24 08:36:16 --> require(kint.phar): Failed to open stream: No such file or directory
in APPPATH\Controllers\LoginControler.php on line 3.
 1 APPPATH\Controllers\LoginControler.php(3): CodeIgniter\Debug\Exceptions->errorHandler(2, 'require(kint.phar): Failed to open stream: No such file or directory', 'APPPATH\\Controllers\\LoginControler.php', 3)
 2 APPPATH\Controllers\LoginControler.php(3): require()
 3 SYSTEMPATH\Router\AutoRouter.php(147): include_once('APPPATH\\Controllers\\LoginControler.php')
 4 SYSTEMPATH\Router\Router.php(499): CodeIgniter\Router\AutoRouter->getRoute('LoginControler/index')
 5 SYSTEMPATH\Router\Router.php(205): CodeIgniter\Router\Router->autoRoute('LoginControler/index')
 6 SYSTEMPATH\CodeIgniter.php(800): CodeIgniter\Router\Router->handle('LoginControler/index')
 7 SYSTEMPATH\CodeIgniter.php(428): CodeIgniter\CodeIgniter->tryToRouteIt(Object(CodeIgniter\Router\RouteCollection))
 8 SYSTEMPATH\CodeIgniter.php(349): CodeIgniter\CodeIgniter->handleRequest(null, Object(Config\Cache), false)
 9 FCPATH\index.php(67): CodeIgniter\CodeIgniter->run()
CRITICAL - 2023-01-24 08:36:46 --> require(kint.phar): Failed to open stream: No such file or directory
in APPPATH\Controllers\LoginControler.php on line 3.
 1 APPPATH\Controllers\LoginControler.php(3): CodeIgniter\Debug\Exceptions->errorHandler(2, 'require(kint.phar): Failed to open stream: No such file or directory', 'APPPATH\\Controllers\\LoginControler.php', 3)
 2 APPPATH\Controllers\LoginControler.php(3): require()
 3 SYSTEMPATH\Router\AutoRouter.php(147): include_once('APPPATH\\Controllers\\LoginControler.php')
 4 SYSTEMPATH\Router\Router.php(499): CodeIgniter\Router\AutoRouter->getRoute('LoginControler')
 5 SYSTEMPATH\Router\Router.php(205): CodeIgniter\Router\Router->autoRoute('LoginControler')
 6 SYSTEMPATH\CodeIgniter.php(800): CodeIgniter\Router\Router->handle('LoginControler')
 7 SYSTEMPATH\CodeIgniter.php(428): CodeIgniter\CodeIgniter->tryToRouteIt(Object(CodeIgniter\Router\RouteCollection))
 8 SYSTEMPATH\CodeIgniter.php(349): CodeIgniter\CodeIgniter->handleRequest(null, Object(Config\Cache), false)
 9 FCPATH\index.php(67): CodeIgniter\CodeIgniter->run()
CRITICAL - 2023-01-24 08:37:12 --> require(kint.phar): Failed to open stream: No such file or directory
in APPPATH\Controllers\LoginControler.php on line 3.
 1 APPPATH\Controllers\LoginControler.php(3): CodeIgniter\Debug\Exceptions->errorHandler(2, 'require(kint.phar): Failed to open stream: No such file or directory', 'APPPATH\\Controllers\\LoginControler.php', 3)
 2 APPPATH\Controllers\LoginControler.php(3): require()
 3 SYSTEMPATH\Router\AutoRouter.php(147): include_once('APPPATH\\Controllers\\LoginControler.php')
 4 SYSTEMPATH\Router\Router.php(499): CodeIgniter\Router\AutoRouter->getRoute('LoginControler')
 5 SYSTEMPATH\Router\Router.php(205): CodeIgniter\Router\Router->autoRoute('LoginControler')
 6 SYSTEMPATH\CodeIgniter.php(800): CodeIgniter\Router\Router->handle('LoginControler')
 7 SYSTEMPATH\CodeIgniter.php(428): CodeIgniter\CodeIgniter->tryToRouteIt(Object(CodeIgniter\Router\RouteCollection))
 8 SYSTEMPATH\CodeIgniter.php(349): CodeIgniter\CodeIgniter->handleRequest(null, Object(Config\Cache), false)
 9 FCPATH\index.php(67): CodeIgniter\CodeIgniter->run()
CRITICAL - 2023-01-24 08:37:13 --> require(kint.phar): Failed to open stream: No such file or directory
in APPPATH\Controllers\LoginControler.php on line 3.
 1 APPPATH\Controllers\LoginControler.php(3): CodeIgniter\Debug\Exceptions->errorHandler(2, 'require(kint.phar): Failed to open stream: No such file or directory', 'APPPATH\\Controllers\\LoginControler.php', 3)
 2 APPPATH\Controllers\LoginControler.php(3): require()
 3 SYSTEMPATH\Router\AutoRouter.php(147): include_once('APPPATH\\Controllers\\LoginControler.php')
 4 SYSTEMPATH\Router\Router.php(499): CodeIgniter\Router\AutoRouter->getRoute('LoginControler')
 5 SYSTEMPATH\Router\Router.php(205): CodeIgniter\Router\Router->autoRoute('LoginControler')
 6 SYSTEMPATH\CodeIgniter.php(800): CodeIgniter\Router\Router->handle('LoginControler')
 7 SYSTEMPATH\CodeIgniter.php(428): CodeIgniter\CodeIgniter->tryToRouteIt(Object(CodeIgniter\Router\RouteCollection))
 8 SYSTEMPATH\CodeIgniter.php(349): CodeIgniter\CodeIgniter->handleRequest(null, Object(Config\Cache), false)
 9 FCPATH\index.php(67): CodeIgniter\CodeIgniter->run()
CRITICAL - 2023-01-24 08:37:23 --> require(kint.phar): Failed to open stream: No such file or directory
in APPPATH\Controllers\LoginControler.php on line 3.
 1 APPPATH\Controllers\LoginControler.php(3): CodeIgniter\Debug\Exceptions->errorHandler(2, 'require(kint.phar): Failed to open stream: No such file or directory', 'APPPATH\\Controllers\\LoginControler.php', 3)
 2 APPPATH\Controllers\LoginControler.php(3): require()
 3 SYSTEMPATH\Router\AutoRouter.php(147): include_once('APPPATH\\Controllers\\LoginControler.php')
 4 SYSTEMPATH\Router\Router.php(499): CodeIgniter\Router\AutoRouter->getRoute('LoginControler')
 5 SYSTEMPATH\Router\Router.php(205): CodeIgniter\Router\Router->autoRoute('LoginControler')
 6 SYSTEMPATH\CodeIgniter.php(800): CodeIgniter\Router\Router->handle('LoginControler')
 7 SYSTEMPATH\CodeIgniter.php(428): CodeIgniter\CodeIgniter->tryToRouteIt(Object(CodeIgniter\Router\RouteCollection))
 8 SYSTEMPATH\CodeIgniter.php(349): CodeIgniter\CodeIgniter->handleRequest(null, Object(Config\Cache), false)
 9 FCPATH\index.php(67): CodeIgniter\CodeIgniter->run()
CRITICAL - 2023-01-24 08:37:38 --> require(kint.phar): Failed to open stream: No such file or directory
in APPPATH\Controllers\LoginControler.php on line 3.
 1 APPPATH\Controllers\LoginControler.php(3): CodeIgniter\Debug\Exceptions->errorHandler(2, 'require(kint.phar): Failed to open stream: No such file or directory', 'APPPATH\\Controllers\\LoginControler.php', 3)
 2 APPPATH\Controllers\LoginControler.php(3): require()
 3 SYSTEMPATH\Router\AutoRouter.php(147): include_once('APPPATH\\Controllers\\LoginControler.php')
 4 SYSTEMPATH\Router\Router.php(499): CodeIgniter\Router\AutoRouter->getRoute('LoginControler')
 5 SYSTEMPATH\Router\Router.php(205): CodeIgniter\Router\Router->autoRoute('LoginControler')
 6 SYSTEMPATH\CodeIgniter.php(800): CodeIgniter\Router\Router->handle('LoginControler')
 7 SYSTEMPATH\CodeIgniter.php(428): CodeIgniter\CodeIgniter->tryToRouteIt(Object(CodeIgniter\Router\RouteCollection))
 8 SYSTEMPATH\CodeIgniter.php(349): CodeIgniter\CodeIgniter->handleRequest(null, Object(Config\Cache), false)
 9 FCPATH\index.php(67): CodeIgniter\CodeIgniter->run()
CRITICAL - 2023-01-24 08:39:14 --> Call to undefined function validation_errors()
in APPPATH\Views\Login\Login_Codeigniter.php on line 5.
 1 SYSTEMPATH\View\View.php(213): include()
 2 SYSTEMPATH\View\View.php(216): CodeIgniter\View\View->CodeIgniter\View\{closure}()
 3 SYSTEMPATH\Common.php(1135): CodeIgniter\View\View->render('Login/Login_Codeigniter', [], true)
 4 APPPATH\Controllers\LoginControler.php(11): view('Login/Login_Codeigniter')
 5 SYSTEMPATH\CodeIgniter.php(925): App\Controllers\LoginControler->index()
 6 SYSTEMPATH\CodeIgniter.php(480): CodeIgniter\CodeIgniter->runController(Object(App\Controllers\LoginControler))
 7 SYSTEMPATH\CodeIgniter.php(349): CodeIgniter\CodeIgniter->handleRequest(null, Object(Config\Cache), false)
 8 FCPATH\index.php(67): CodeIgniter\CodeIgniter->run()
CRITICAL - 2023-01-24 08:39:15 --> Call to undefined function validation_errors()
in APPPATH\Views\Login\Login_Codeigniter.php on line 5.
 1 SYSTEMPATH\View\View.php(213): include()
 2 SYSTEMPATH\View\View.php(216): CodeIgniter\View\View->CodeIgniter\View\{closure}()
 3 SYSTEMPATH\Common.php(1135): CodeIgniter\View\View->render('Login/Login_Codeigniter', [], true)
 4 APPPATH\Controllers\LoginControler.php(11): view('Login/Login_Codeigniter')
 5 SYSTEMPATH\CodeIgniter.php(925): App\Controllers\LoginControler->index()
 6 SYSTEMPATH\CodeIgniter.php(480): CodeIgniter\CodeIgniter->runController(Object(App\Controllers\LoginControler))
 7 SYSTEMPATH\CodeIgniter.php(349): CodeIgniter\CodeIgniter->handleRequest(null, Object(Config\Cache), false)
 8 FCPATH\index.php(67): CodeIgniter\CodeIgniter->run()
CRITICAL - 2023-01-24 08:40:17 --> Call to undefined function validation_errors()
in APPPATH\Views\Login\Login_Codeigniter.php on line 5.
 1 SYSTEMPATH\View\View.php(213): include()
 2 SYSTEMPATH\View\View.php(216): CodeIgniter\View\View->CodeIgniter\View\{closure}()
 3 SYSTEMPATH\Common.php(1135): CodeIgniter\View\View->render('Login/Login_Codeigniter', [], true)
 4 APPPATH\Controllers\LoginControler.php(12): view('Login/Login_Codeigniter')
 5 SYSTEMPATH\CodeIgniter.php(925): App\Controllers\LoginControler->index()
 6 SYSTEMPATH\CodeIgniter.php(480): CodeIgniter\CodeIgniter->runController(Object(App\Controllers\LoginControler))
 7 SYSTEMPATH\CodeIgniter.php(349): CodeIgniter\CodeIgniter->handleRequest(null, Object(Config\Cache), false)
 8 FCPATH\index.php(67): CodeIgniter\CodeIgniter->run()
CRITICAL - 2023-01-24 08:40:19 --> Call to undefined function validation_errors()
in APPPATH\Views\Login\Login_Codeigniter.php on line 5.
 1 SYSTEMPATH\View\View.php(213): include()
 2 SYSTEMPATH\View\View.php(216): CodeIgniter\View\View->CodeIgniter\View\{closure}()
 3 SYSTEMPATH\Common.php(1135): CodeIgniter\View\View->render('Login/Login_Codeigniter', [], true)
 4 APPPATH\Controllers\LoginControler.php(12): view('Login/Login_Codeigniter')
 5 SYSTEMPATH\CodeIgniter.php(925): App\Controllers\LoginControler->index()
 6 SYSTEMPATH\CodeIgniter.php(480): CodeIgniter\CodeIgniter->runController(Object(App\Controllers\LoginControler))
 7 SYSTEMPATH\CodeIgniter.php(349): CodeIgniter\CodeIgniter->handleRequest(null, Object(Config\Cache), false)
 8 FCPATH\index.php(67): CodeIgniter\CodeIgniter->run()
CRITICAL - 2023-01-24 08:40:37 --> Call to undefined function validation_errors()
in APPPATH\Views\Login\Login_Codeigniter.php on line 5.
 1 SYSTEMPATH\View\View.php(213): include()
 2 SYSTEMPATH\View\View.php(216): CodeIgniter\View\View->CodeIgniter\View\{closure}()
 3 SYSTEMPATH\Common.php(1135): CodeIgniter\View\View->render('Login/Login_Codeigniter', [], true)
 4 APPPATH\Controllers\LoginControler.php(12): view('Login/Login_Codeigniter')
 5 SYSTEMPATH\CodeIgniter.php(925): App\Controllers\LoginControler->index()
 6 SYSTEMPATH\CodeIgniter.php(480): CodeIgniter\CodeIgniter->runController(Object(App\Controllers\LoginControler))
 7 SYSTEMPATH\CodeIgniter.php(349): CodeIgniter\CodeIgniter->handleRequest(null, Object(Config\Cache), false)
 8 FCPATH\index.php(67): CodeIgniter\CodeIgniter->run()
CRITICAL - 2023-01-24 08:40:38 --> Call to undefined function validation_errors()
in APPPATH\Views\Login\Login_Codeigniter.php on line 5.
 1 SYSTEMPATH\View\View.php(213): include()
 2 SYSTEMPATH\View\View.php(216): CodeIgniter\View\View->CodeIgniter\View\{closure}()
 3 SYSTEMPATH\Common.php(1135): CodeIgniter\View\View->render('Login/Login_Codeigniter', [], true)
 4 APPPATH\Controllers\LoginControler.php(12): view('Login/Login_Codeigniter')
 5 SYSTEMPATH\CodeIgniter.php(925): App\Controllers\LoginControler->index()
 6 SYSTEMPATH\CodeIgniter.php(480): CodeIgniter\CodeIgniter->runController(Object(App\Controllers\LoginControler))
 7 SYSTEMPATH\CodeIgniter.php(349): CodeIgniter\CodeIgniter->handleRequest(null, Object(Config\Cache), false)
 8 FCPATH\index.php(67): CodeIgniter\CodeIgniter->run()
CRITICAL - 2023-01-24 08:41:38 --> Call to undefined function validation_list_errors()
in APPPATH\Views\Login\Login_Codeigniter.php on line 5.
 1 SYSTEMPATH\View\View.php(213): include()
 2 SYSTEMPATH\View\View.php(216): CodeIgniter\View\View->CodeIgniter\View\{closure}()
 3 SYSTEMPATH\Common.php(1135): CodeIgniter\View\View->render('Login/Login_Codeigniter', [], true)
 4 APPPATH\Controllers\LoginControler.php(12): view('Login/Login_Codeigniter')
 5 SYSTEMPATH\CodeIgniter.php(925): App\Controllers\LoginControler->index()
 6 SYSTEMPATH\CodeIgniter.php(480): CodeIgniter\CodeIgniter->runController(Object(App\Controllers\LoginControler))
 7 SYSTEMPATH\CodeIgniter.php(349): CodeIgniter\CodeIgniter->handleRequest(null, Object(Config\Cache), false)
 8 FCPATH\index.php(67): CodeIgniter\CodeIgniter->run()
CRITICAL - 2023-01-24 08:41:39 --> Call to undefined function validation_list_errors()
in APPPATH\Views\Login\Login_Codeigniter.php on line 5.
 1 SYSTEMPATH\View\View.php(213): include()
 2 SYSTEMPATH\View\View.php(216): CodeIgniter\View\View->CodeIgniter\View\{closure}()
 3 SYSTEMPATH\Common.php(1135): CodeIgniter\View\View->render('Login/Login_Codeigniter', [], true)
 4 APPPATH\Controllers\LoginControler.php(12): view('Login/Login_Codeigniter')
 5 SYSTEMPATH\CodeIgniter.php(925): App\Controllers\LoginControler->index()
 6 SYSTEMPATH\CodeIgniter.php(480): CodeIgniter\CodeIgniter->runController(Object(App\Controllers\LoginControler))
 7 SYSTEMPATH\CodeIgniter.php(349): CodeIgniter\CodeIgniter->handleRequest(null, Object(Config\Cache), false)
 8 FCPATH\index.php(67): CodeIgniter\CodeIgniter->run()
CRITICAL - 2023-01-24 08:41:58 --> Call to undefined function validation_list_errors()
in APPPATH\Views\Login\Login_Codeigniter.php on line 5.
 1 SYSTEMPATH\View\View.php(213): include()
 2 SYSTEMPATH\View\View.php(216): CodeIgniter\View\View->CodeIgniter\View\{closure}()
 3 SYSTEMPATH\Common.php(1135): CodeIgniter\View\View->render('Login/Login_Codeigniter', [], true)
 4 APPPATH\Controllers\LoginControler.php(12): view('Login/Login_Codeigniter')
 5 SYSTEMPATH\CodeIgniter.php(925): App\Controllers\LoginControler->index()
 6 SYSTEMPATH\CodeIgniter.php(480): CodeIgniter\CodeIgniter->runController(Object(App\Controllers\LoginControler))
 7 SYSTEMPATH\CodeIgniter.php(349): CodeIgniter\CodeIgniter->handleRequest(null, Object(Config\Cache), false)
 8 FCPATH\index.php(67): CodeIgniter\CodeIgniter->run()
CRITICAL - 2023-01-24 08:43:33 --> Call to undefined function validation_list_errors()
in APPPATH\Views\Login\Login_Codeigniter.php on line 5.
 1 SYSTEMPATH\View\View.php(213): include()
 2 SYSTEMPATH\View\View.php(216): CodeIgniter\View\View->CodeIgniter\View\{closure}()
 3 SYSTEMPATH\Common.php(1135): CodeIgniter\View\View->render('Login/Login_Codeigniter', [], true)
 4 APPPATH\Controllers\LoginControler.php(12): view('Login/Login_Codeigniter')
 5 SYSTEMPATH\CodeIgniter.php(925): App\Controllers\LoginControler->index()
 6 SYSTEMPATH\CodeIgniter.php(480): CodeIgniter\CodeIgniter->runController(Object(App\Controllers\LoginControler))
 7 SYSTEMPATH\CodeIgniter.php(349): CodeIgniter\CodeIgniter->handleRequest(null, Object(Config\Cache), false)
 8 FCPATH\index.php(67): CodeIgniter\CodeIgniter->run()
CRITICAL - 2023-01-24 08:43:34 --> Call to undefined function validation_list_errors()
in APPPATH\Views\Login\Login_Codeigniter.php on line 5.
 1 SYSTEMPATH\View\View.php(213): include()
 2 SYSTEMPATH\View\View.php(216): CodeIgniter\View\View->CodeIgniter\View\{closure}()
 3 SYSTEMPATH\Common.php(1135): CodeIgniter\View\View->render('Login/Login_Codeigniter', [], true)
 4 APPPATH\Controllers\LoginControler.php(12): view('Login/Login_Codeigniter')
 5 SYSTEMPATH\CodeIgniter.php(925): App\Controllers\LoginControler->index()
 6 SYSTEMPATH\CodeIgniter.php(480): CodeIgniter\CodeIgniter->runController(Object(App\Controllers\LoginControler))
 7 SYSTEMPATH\CodeIgniter.php(349): CodeIgniter\CodeIgniter->handleRequest(null, Object(Config\Cache), false)
 8 FCPATH\index.php(67): CodeIgniter\CodeIgniter->run()
CRITICAL - 2023-01-24 08:44:25 --> syntax error, unexpected token ";"
in APPPATH\Views\Login\Login_Codeigniter.php on line 5.
 1 SYSTEMPATH\View\View.php(216): CodeIgniter\View\View->CodeIgniter\View\{closure}()
 2 SYSTEMPATH\Common.php(1135): CodeIgniter\View\View->render('Login/Login_Codeigniter', [], true)
 3 APPPATH\Controllers\LoginControler.php(12): view('Login/Login_Codeigniter')
 4 SYSTEMPATH\CodeIgniter.php(925): App\Controllers\LoginControler->index()
 5 SYSTEMPATH\CodeIgniter.php(480): CodeIgniter\CodeIgniter->runController(Object(App\Controllers\LoginControler))
 6 SYSTEMPATH\CodeIgniter.php(349): CodeIgniter\CodeIgniter->handleRequest(null, Object(Config\Cache), false)
 7 FCPATH\index.php(67): CodeIgniter\CodeIgniter->run()
CRITICAL - 2023-01-24 08:54:38 --> Undefined property: App\Controllers\LoginControler::$form_validation
in APPPATH\Controllers\LoginControler.php on line 11.
 1 APPPATH\Controllers\LoginControler.php(11): CodeIgniter\Debug\Exceptions->errorHandler(2, 'Undefined property: App\\Controllers\\LoginControler::$form_validation', 'APPPATH\\Controllers\\LoginControler.php', 11)
 2 SYSTEMPATH\CodeIgniter.php(925): App\Controllers\LoginControler->index()
 3 SYSTEMPATH\CodeIgniter.php(480): CodeIgniter\CodeIgniter->runController(Object(App\Controllers\LoginControler))
 4 SYSTEMPATH\CodeIgniter.php(349): CodeIgniter\CodeIgniter->handleRequest(null, Object(Config\Cache), false)
 5 FCPATH\index.php(67): CodeIgniter\CodeIgniter->run()
CRITICAL - 2023-01-24 08:55:22 --> Undefined property: App\Controllers\LoginControler::$form_validation
in APPPATH\Controllers\LoginControler.php on line 11.
 1 APPPATH\Controllers\LoginControler.php(11): CodeIgniter\Debug\Exceptions->errorHandler(2, 'Undefined property: App\\Controllers\\LoginControler::$form_validation', 'APPPATH\\Controllers\\LoginControler.php', 11)
 2 SYSTEMPATH\CodeIgniter.php(925): App\Controllers\LoginControler->index()
 3 SYSTEMPATH\CodeIgniter.php(480): CodeIgniter\CodeIgniter->runController(Object(App\Controllers\LoginControler))
 4 SYSTEMPATH\CodeIgniter.php(349): CodeIgniter\CodeIgniter->handleRequest(null, Object(Config\Cache), false)
 5 FCPATH\index.php(67): CodeIgniter\CodeIgniter->run()
CRITICAL - 2023-01-24 08:55:23 --> Undefined property: App\Controllers\LoginControler::$form_validation
in APPPATH\Controllers\LoginControler.php on line 11.
 1 APPPATH\Controllers\LoginControler.php(11): CodeIgniter\Debug\Exceptions->errorHandler(2, 'Undefined property: App\\Controllers\\LoginControler::$form_validation', 'APPPATH\\Controllers\\LoginControler.php', 11)
 2 SYSTEMPATH\CodeIgniter.php(925): App\Controllers\LoginControler->index()
 3 SYSTEMPATH\CodeIgniter.php(480): CodeIgniter\CodeIgniter->runController(Object(App\Controllers\LoginControler))
 4 SYSTEMPATH\CodeIgniter.php(349): CodeIgniter\CodeIgniter->handleRequest(null, Object(Config\Cache), false)
 5 FCPATH\index.php(67): CodeIgniter\CodeIgniter->run()
CRITICAL - 2023-01-24 08:55:31 --> Undefined property: App\Controllers\LoginControler::$form_validation
in APPPATH\Controllers\LoginControler.php on line 11.
 1 APPPATH\Controllers\LoginControler.php(11): CodeIgniter\Debug\Exceptions->errorHandler(2, 'Undefined property: App\\Controllers\\LoginControler::$form_validation', 'APPPATH\\Controllers\\LoginControler.php', 11)
 2 SYSTEMPATH\CodeIgniter.php(925): App\Controllers\LoginControler->index()
 3 SYSTEMPATH\CodeIgniter.php(480): CodeIgniter\CodeIgniter->runController(Object(App\Controllers\LoginControler))
 4 SYSTEMPATH\CodeIgniter.php(349): CodeIgniter\CodeIgniter->handleRequest(null, Object(Config\Cache), false)
 5 FCPATH\index.php(67): CodeIgniter\CodeIgniter->run()
CRITICAL - 2023-01-24 08:55:47 --> Undefined property: App\Controllers\LoginControler::$form_validation
in APPPATH\Controllers\LoginControler.php on line 11.
 1 APPPATH\Controllers\LoginControler.php(11): CodeIgniter\Debug\Exceptions->errorHandler(2, 'Undefined property: App\\Controllers\\LoginControler::$form_validation', 'APPPATH\\Controllers\\LoginControler.php', 11)
 2 SYSTEMPATH\CodeIgniter.php(925): App\Controllers\LoginControler->index()
 3 SYSTEMPATH\CodeIgniter.php(480): CodeIgniter\CodeIgniter->runController(Object(App\Controllers\LoginControler))
 4 SYSTEMPATH\CodeIgniter.php(349): CodeIgniter\CodeIgniter->handleRequest(null, Object(Config\Cache), false)
 5 FCPATH\index.php(67): CodeIgniter\CodeIgniter->run()
CRITICAL - 2023-01-24 08:56:04 --> view(): Argument #2 ($data) must be of type array, string given, called in C:\xampp\htdocs\ci\app\Controllers\LoginControler.php on line 12
in SYSTEMPATH\Common.php on line 1121.
 1 APPPATH\Controllers\LoginControler.php(12): view('templates/head_header', 'Login')
 2 SYSTEMPATH\CodeIgniter.php(925): App\Controllers\LoginControler->index()
 3 SYSTEMPATH\CodeIgniter.php(480): CodeIgniter\CodeIgniter->runController(Object(App\Controllers\LoginControler))
 4 SYSTEMPATH\CodeIgniter.php(349): CodeIgniter\CodeIgniter->handleRequest(null, Object(Config\Cache), false)
 5 FCPATH\index.php(67): CodeIgniter\CodeIgniter->run()
CRITICAL - 2023-01-24 08:56:20 --> Undefined variable $data
in APPPATH\Views\templates\head_header.php on line 8.
 1 APPPATH\Views\templates\head_header.php(8): CodeIgniter\Debug\Exceptions->errorHandler(2, 'Undefined variable $data', 'APPPATH\\Views\\templates\\head_header.php', 8)
 2 SYSTEMPATH\View\View.php(213): include('APPPATH\\Views\\templates\\head_header.php')
 3 SYSTEMPATH\View\View.php(216): CodeIgniter\View\View->CodeIgniter\View\{closure}()
 4 SYSTEMPATH\Common.php(1135): CodeIgniter\View\View->render('templates/head_header', [], true)
 5 APPPATH\Controllers\LoginControler.php(12): view('templates/head_header', [...])
 6 SYSTEMPATH\CodeIgniter.php(925): App\Controllers\LoginControler->index()
 7 SYSTEMPATH\CodeIgniter.php(480): CodeIgniter\CodeIgniter->runController(Object(App\Controllers\LoginControler))
 8 SYSTEMPATH\CodeIgniter.php(349): CodeIgniter\CodeIgniter->handleRequest(null, Object(Config\Cache), false)
 9 FCPATH\index.php(67): CodeIgniter\CodeIgniter->run()
CRITICAL - 2023-01-24 09:41:05 --> Invalid file: signup.php
in SYSTEMPATH\Exceptions\FrameworkException.php on line 33.
 1 SYSTEMPATH\View\View.php(201): CodeIgniter\Exceptions\FrameworkException::forInvalidFile('signup.php')
 2 SYSTEMPATH\Common.php(1135): CodeIgniter\View\View->render('signup', [], true)
 3 APPPATH\Controllers\LoginControler.php(13): view('signup')
 4 SYSTEMPATH\CodeIgniter.php(925): App\Controllers\LoginControler->index()
 5 SYSTEMPATH\CodeIgniter.php(480): CodeIgniter\CodeIgniter->runController(Object(App\Controllers\LoginControler))
 6 SYSTEMPATH\CodeIgniter.php(349): CodeIgniter\CodeIgniter->handleRequest(null, Object(Config\Cache), false)
 7 FCPATH\index.php(67): CodeIgniter\CodeIgniter->run()
CRITICAL - 2023-01-24 09:41:31 --> Invalid file: signup.php
in SYSTEMPATH\Exceptions\FrameworkException.php on line 33.
 1 SYSTEMPATH\View\View.php(201): CodeIgniter\Exceptions\FrameworkException::forInvalidFile('signup.php')
 2 SYSTEMPATH\Common.php(1135): CodeIgniter\View\View->render('signup', [], true)
 3 APPPATH\Controllers\LoginControler.php(13): view('signup')
 4 SYSTEMPATH\CodeIgniter.php(925): App\Controllers\LoginControler->index()
 5 SYSTEMPATH\CodeIgniter.php(480): CodeIgniter\CodeIgniter->runController(Object(App\Controllers\LoginControler))
 6 SYSTEMPATH\CodeIgniter.php(349): CodeIgniter\CodeIgniter->handleRequest(null, Object(Config\Cache), false)
 7 FCPATH\index.php(67): CodeIgniter\CodeIgniter->run()
CRITICAL - 2023-01-24 09:41:52 --> Invalid file: Login/signup.php
in SYSTEMPATH\Exceptions\FrameworkException.php on line 33.
 1 SYSTEMPATH\View\View.php(201): CodeIgniter\Exceptions\FrameworkException::forInvalidFile('Login/signup.php')
 2 SYSTEMPATH\Common.php(1135): CodeIgniter\View\View->render('Login/signup', [], true)
 3 APPPATH\Controllers\LoginControler.php(13): view('Login/signup')
 4 SYSTEMPATH\CodeIgniter.php(925): App\Controllers\LoginControler->index()
 5 SYSTEMPATH\CodeIgniter.php(480): CodeIgniter\CodeIgniter->runController(Object(App\Controllers\LoginControler))
 6 SYSTEMPATH\CodeIgniter.php(349): CodeIgniter\CodeIgniter->handleRequest(null, Object(Config\Cache), false)
 7 FCPATH\index.php(67): CodeIgniter\CodeIgniter->run()
CRITICAL - 2023-01-24 09:42:48 --> Invalid file: Login/signup.php
in SYSTEMPATH\Exceptions\FrameworkException.php on line 33.
 1 SYSTEMPATH\View\View.php(201): CodeIgniter\Exceptions\FrameworkException::forInvalidFile('Login/signup.php')
 2 SYSTEMPATH\Common.php(1135): CodeIgniter\View\View->render('Login/signup', [], true)
 3 APPPATH\Controllers\LoginControler.php(13): view('Login/signup')
 4 SYSTEMPATH\CodeIgniter.php(925): App\Controllers\LoginControler->index()
 5 SYSTEMPATH\CodeIgniter.php(480): CodeIgniter\CodeIgniter->runController(Object(App\Controllers\LoginControler))
 6 SYSTEMPATH\CodeIgniter.php(349): CodeIgniter\CodeIgniter->handleRequest(null, Object(Config\Cache), false)
 7 FCPATH\index.php(67): CodeIgniter\CodeIgniter->run()
CRITICAL - 2023-01-24 09:42:49 --> Invalid file: Login/signup.php
in SYSTEMPATH\Exceptions\FrameworkException.php on line 33.
 1 SYSTEMPATH\View\View.php(201): CodeIgniter\Exceptions\FrameworkException::forInvalidFile('Login/signup.php')
 2 SYSTEMPATH\Common.php(1135): CodeIgniter\View\View->render('Login/signup', [], true)
 3 APPPATH\Controllers\LoginControler.php(13): view('Login/signup')
 4 SYSTEMPATH\CodeIgniter.php(925): App\Controllers\LoginControler->index()
 5 SYSTEMPATH\CodeIgniter.php(480): CodeIgniter\CodeIgniter->runController(Object(App\Controllers\LoginControler))
 6 SYSTEMPATH\CodeIgniter.php(349): CodeIgniter\CodeIgniter->handleRequest(null, Object(Config\Cache), false)
 7 FCPATH\index.php(67): CodeIgniter\CodeIgniter->run()
CRITICAL - 2023-01-24 09:44:16 --> Invalid file: Login/signup.php
in SYSTEMPATH\Exceptions\FrameworkException.php on line 33.
 1 SYSTEMPATH\View\View.php(201): CodeIgniter\Exceptions\FrameworkException::forInvalidFile('Login/signup.php')
 2 SYSTEMPATH\Common.php(1135): CodeIgniter\View\View->render('Login/signup', [], true)
 3 APPPATH\Controllers\LoginControler.php(13): view('Login/signup')
 4 SYSTEMPATH\CodeIgniter.php(925): App\Controllers\LoginControler->index()
 5 SYSTEMPATH\CodeIgniter.php(480): CodeIgniter\CodeIgniter->runController(Object(App\Controllers\LoginControler))
 6 SYSTEMPATH\CodeIgniter.php(349): CodeIgniter\CodeIgniter->handleRequest(null, Object(Config\Cache), false)
 7 FCPATH\index.php(67): CodeIgniter\CodeIgniter->run()
CRITICAL - 2023-01-24 09:45:48 --> Call to undefined function validation_list_errors()
in APPPATH\Views\Login\Login_Codeigniter.php on line 5.
 1 SYSTEMPATH\View\View.php(213): include()
 2 SYSTEMPATH\View\View.php(216): CodeIgniter\View\View->CodeIgniter\View\{closure}()
 3 SYSTEMPATH\Common.php(1135): CodeIgniter\View\View->render('Login/Login_Codeigniter', [], true)
 4 APPPATH\Controllers\LoginControler.php(14): view('Login/Login_Codeigniter')
 5 SYSTEMPATH\CodeIgniter.php(925): App\Controllers\LoginControler->index()
 6 SYSTEMPATH\CodeIgniter.php(480): CodeIgniter\CodeIgniter->runController(Object(App\Controllers\LoginControler))
 7 SYSTEMPATH\CodeIgniter.php(349): CodeIgniter\CodeIgniter->handleRequest(null, Object(Config\Cache), false)
 8 FCPATH\index.php(67): CodeIgniter\CodeIgniter->run()
CRITICAL - 2023-01-24 09:45:49 --> Call to undefined function validation_list_errors()
in APPPATH\Views\Login\Login_Codeigniter.php on line 5.
 1 SYSTEMPATH\View\View.php(213): include()
 2 SYSTEMPATH\View\View.php(216): CodeIgniter\View\View->CodeIgniter\View\{closure}()
 3 SYSTEMPATH\Common.php(1135): CodeIgniter\View\View->render('Login/Login_Codeigniter', [], true)
 4 APPPATH\Controllers\LoginControler.php(14): view('Login/Login_Codeigniter')
 5 SYSTEMPATH\CodeIgniter.php(925): App\Controllers\LoginControler->index()
 6 SYSTEMPATH\CodeIgniter.php(480): CodeIgniter\CodeIgniter->runController(Object(App\Controllers\LoginControler))
 7 SYSTEMPATH\CodeIgniter.php(349): CodeIgniter\CodeIgniter->handleRequest(null, Object(Config\Cache), false)
 8 FCPATH\index.php(67): CodeIgniter\CodeIgniter->run()
CRITICAL - 2023-01-24 09:46:43 --> Call to undefined function validation_list_errors()
in APPPATH\Views\Login\Login_Codeigniter.php on line 5.
 1 SYSTEMPATH\View\View.php(213): include()
 2 SYSTEMPATH\View\View.php(216): CodeIgniter\View\View->CodeIgniter\View\{closure}()
 3 SYSTEMPATH\Common.php(1135): CodeIgniter\View\View->render('Login/Login_Codeigniter', [], true)
 4 APPPATH\Controllers\LoginControler.php(14): view('Login/Login_Codeigniter')
 5 SYSTEMPATH\CodeIgniter.php(925): App\Controllers\LoginControler->index()
 6 SYSTEMPATH\CodeIgniter.php(480): CodeIgniter\CodeIgniter->runController(Object(App\Controllers\LoginControler))
 7 SYSTEMPATH\CodeIgniter.php(349): CodeIgniter\CodeIgniter->handleRequest(null, Object(Config\Cache), false)
 8 FCPATH\index.php(67): CodeIgniter\CodeIgniter->run()
CRITICAL - 2023-01-24 09:48:19 --> Invalid file: signup.php
in SYSTEMPATH\Exceptions\FrameworkException.php on line 33.
 1 SYSTEMPATH\View\View.php(201): CodeIgniter\Exceptions\FrameworkException::forInvalidFile('signup.php')
 2 SYSTEMPATH\Common.php(1135): CodeIgniter\View\View->render('signup', [], true)
 3 APPPATH\Controllers\Form.php(14): view('signup')
 4 SYSTEMPATH\CodeIgniter.php(925): App\Controllers\Form->index()
 5 SYSTEMPATH\CodeIgniter.php(480): CodeIgniter\CodeIgniter->runController(Object(App\Controllers\Form))
 6 SYSTEMPATH\CodeIgniter.php(349): CodeIgniter\CodeIgniter->handleRequest(null, Object(Config\Cache), false)
 7 FCPATH\index.php(67): CodeIgniter\CodeIgniter->run()
CRITICAL - 2023-01-24 09:57:03 --> Invalid file: Login_Codeigniter.php
in SYSTEMPATH\Exceptions\FrameworkException.php on line 33.
 1 SYSTEMPATH\View\View.php(201): CodeIgniter\Exceptions\FrameworkException::forInvalidFile('Login_Codeigniter.php')
 2 SYSTEMPATH\Common.php(1135): CodeIgniter\View\View->render('Login_Codeigniter', [], true)
 3 APPPATH\Controllers\Form.php(14): view('Login_Codeigniter')
 4 SYSTEMPATH\CodeIgniter.php(925): App\Controllers\Form->index()
 5 SYSTEMPATH\CodeIgniter.php(480): CodeIgniter\CodeIgniter->runController(Object(App\Controllers\Form))
 6 SYSTEMPATH\CodeIgniter.php(349): CodeIgniter\CodeIgniter->handleRequest(null, Object(Config\Cache), false)
 7 FCPATH\index.php(67): CodeIgniter\CodeIgniter->run()
CRITICAL - 2023-01-24 09:57:04 --> Invalid file: Login_Codeigniter.php
in SYSTEMPATH\Exceptions\FrameworkException.php on line 33.
 1 SYSTEMPATH\View\View.php(201): CodeIgniter\Exceptions\FrameworkException::forInvalidFile('Login_Codeigniter.php')
 2 SYSTEMPATH\Common.php(1135): CodeIgniter\View\View->render('Login_Codeigniter', [], true)
 3 APPPATH\Controllers\Form.php(14): view('Login_Codeigniter')
 4 SYSTEMPATH\CodeIgniter.php(925): App\Controllers\Form->index()
 5 SYSTEMPATH\CodeIgniter.php(480): CodeIgniter\CodeIgniter->runController(Object(App\Controllers\Form))
 6 SYSTEMPATH\CodeIgniter.php(349): CodeIgniter\CodeIgniter->handleRequest(null, Object(Config\Cache), false)
 7 FCPATH\index.php(67): CodeIgniter\CodeIgniter->run()
