CRITICAL - 2023-01-23 08:50:57 --> Undefined variable $title
in APPPATH\Views\templates\head_header.php on line 8.
 1 APPPATH\Views\templates\head_header.php(8): CodeIgniter\Debug\Exceptions->errorHandler(2, 'Undefined variable $title', 'APPPATH\\Views\\templates\\head_header.php', 8)
 2 SYSTEMPATH\View\View.php(213): include('APPPATH\\Views\\templates\\head_header.php')
 3 SYSTEMPATH\View\View.php(216): CodeIgniter\View\View->CodeIgniter\View\{closure}()
 4 SYSTEMPATH\Common.php(1135): CodeIgniter\View\View->render('templates/head_header.php', [], true)
 5 APPPATH\Controllers\LoginControler.php(11): view('templates/head_header.php')
 6 SYSTEMPATH\CodeIgniter.php(925): App\Controllers\LoginControler->index()
 7 SYSTEMPATH\CodeIgniter.php(480): CodeIgniter\CodeIgniter->runController(Object(App\Controllers\LoginControler))
 8 SYSTEMPATH\CodeIgniter.php(349): CodeIgniter\CodeIgniter->handleRequest(null, Object(Config\Cache), false)
 9 FCPATH\index.php(67): CodeIgniter\CodeIgniter->run()
CRITICAL - 2023-01-23 08:51:17 --> Undefined variable $title
in APPPATH\Views\templates\head_header.php on line 8.
 1 APPPATH\Views\templates\head_header.php(8): CodeIgniter\Debug\Exceptions->errorHandler(2, 'Undefined variable $title', 'APPPATH\\Views\\templates\\head_header.php', 8)
 2 SYSTEMPATH\View\View.php(213): include('APPPATH\\Views\\templates\\head_header.php')
 3 SYSTEMPATH\View\View.php(216): CodeIgniter\View\View->CodeIgniter\View\{closure}()
 4 SYSTEMPATH\Common.php(1135): CodeIgniter\View\View->render('templates/head_header.php', [], true)
 5 APPPATH\Controllers\LoginControler.php(11): view('templates/head_header.php')
 6 SYSTEMPATH\CodeIgniter.php(925): App\Controllers\LoginControler->index()
 7 SYSTEMPATH\CodeIgniter.php(480): CodeIgniter\CodeIgniter->runController(Object(App\Controllers\LoginControler))
 8 SYSTEMPATH\CodeIgniter.php(349): CodeIgniter\CodeIgniter->handleRequest(null, Object(Config\Cache), false)
 9 FCPATH\index.php(67): CodeIgniter\CodeIgniter->run()
CRITICAL - 2023-01-23 08:51:35 --> Undefined variable $title
in APPPATH\Views\templates\head_header.php on line 8.
 1 APPPATH\Views\templates\head_header.php(8): CodeIgniter\Debug\Exceptions->errorHandler(2, 'Undefined variable $title', 'APPPATH\\Views\\templates\\head_header.php', 8)
 2 SYSTEMPATH\View\View.php(213): include('APPPATH\\Views\\templates\\head_header.php')
 3 SYSTEMPATH\View\View.php(216): CodeIgniter\View\View->CodeIgniter\View\{closure}()
 4 SYSTEMPATH\Common.php(1135): CodeIgniter\View\View->render('templates/head_header.php', [], true)
 5 APPPATH\Controllers\LoginControler.php(11): view('templates/head_header.php')
 6 SYSTEMPATH\CodeIgniter.php(925): App\Controllers\LoginControler->index()
 7 SYSTEMPATH\CodeIgniter.php(480): CodeIgniter\CodeIgniter->runController(Object(App\Controllers\LoginControler))
 8 SYSTEMPATH\CodeIgniter.php(349): CodeIgniter\CodeIgniter->handleRequest(null, Object(Config\Cache), false)
 9 FCPATH\index.php(67): CodeIgniter\CodeIgniter->run()
CRITICAL - 2023-01-23 08:51:53 --> Undefined variable $title
in APPPATH\Views\templates\head_header.php on line 8.
 1 APPPATH\Views\templates\head_header.php(8): CodeIgniter\Debug\Exceptions->errorHandler(2, 'Undefined variable $title', 'APPPATH\\Views\\templates\\head_header.php', 8)
 2 SYSTEMPATH\View\View.php(213): include('APPPATH\\Views\\templates\\head_header.php')
 3 SYSTEMPATH\View\View.php(216): CodeIgniter\View\View->CodeIgniter\View\{closure}()
 4 SYSTEMPATH\Common.php(1135): CodeIgniter\View\View->render('templates/head_header.php', [], true)
 5 APPPATH\Controllers\LoginControler.php(11): view('templates/head_header.php')
 6 SYSTEMPATH\CodeIgniter.php(925): App\Controllers\LoginControler->index()
 7 SYSTEMPATH\CodeIgniter.php(480): CodeIgniter\CodeIgniter->runController(Object(App\Controllers\LoginControler))
 8 SYSTEMPATH\CodeIgniter.php(349): CodeIgniter\CodeIgniter->handleRequest(null, Object(Config\Cache), false)
 9 FCPATH\index.php(67): CodeIgniter\CodeIgniter->run()
CRITICAL - 2023-01-23 08:52:48 --> require(kint.phar): Failed to open stream: No such file or directory
in APPPATH\Controllers\LoginControler.php on line 3.
 1 APPPATH\Controllers\LoginControler.php(3): CodeIgniter\Debug\Exceptions->errorHandler(2, 'require(kint.phar): Failed to open stream: No such file or directory', 'APPPATH\\Controllers\\LoginControler.php', 3)
 2 APPPATH\Controllers\LoginControler.php(3): require()
 3 SYSTEMPATH\Router\AutoRouter.php(147): include_once('APPPATH\\Controllers\\LoginControler.php')
 4 SYSTEMPATH\Router\Router.php(499): CodeIgniter\Router\AutoRouter->getRoute('C:\\')
 5 SYSTEMPATH\Router\Router.php(205): CodeIgniter\Router\Router->autoRoute('C:\\')
 6 SYSTEMPATH\CodeIgniter.php(800): CodeIgniter\Router\Router->handle('C:\\')
 7 SYSTEMPATH\CodeIgniter.php(428): CodeIgniter\CodeIgniter->tryToRouteIt(Object(CodeIgniter\Router\RouteCollection))
 8 SYSTEMPATH\CodeIgniter.php(349): CodeIgniter\CodeIgniter->handleRequest(null, Object(Config\Cache), false)
 9 FCPATH\index.php(67): CodeIgniter\CodeIgniter->run()
CRITICAL - 2023-01-23 08:53:04 --> require(kint.phar): Failed to open stream: No such file or directory
in APPPATH\Config\Routes.php on line 19.
 1 APPPATH\Config\Routes.php(19): CodeIgniter\Debug\Exceptions->errorHandler(2, 'require(kint.phar): Failed to open stream: No such file or directory', 'APPPATH\\Config\\Routes.php', 19)
 2 APPPATH\Config\Routes.php(19): require()
 3 SYSTEMPATH\CodeIgniter.php(787): require('APPPATH\\Config\\Routes.php')
 4 SYSTEMPATH\CodeIgniter.php(428): CodeIgniter\CodeIgniter->tryToRouteIt(Object(CodeIgniter\Router\RouteCollection))
 5 SYSTEMPATH\CodeIgniter.php(349): CodeIgniter\CodeIgniter->handleRequest(null, Object(Config\Cache), false)
 6 FCPATH\index.php(67): CodeIgniter\CodeIgniter->run()
CRITICAL - 2023-01-23 08:56:40 --> require(kint.phar): Failed to open stream: No such file or directory
in APPPATH\Controllers\LoginControler.php on line 3.
 1 APPPATH\Controllers\LoginControler.php(3): CodeIgniter\Debug\Exceptions->errorHandler(2, 'require(kint.phar): Failed to open stream: No such file or directory', 'APPPATH\\Controllers\\LoginControler.php', 3)
 2 APPPATH\Controllers\LoginControler.php(3): require()
 3 SYSTEMPATH\Router\AutoRouter.php(147): include_once('APPPATH\\Controllers\\LoginControler.php')
 4 SYSTEMPATH\Router\Router.php(499): CodeIgniter\Router\AutoRouter->getRoute('C:\\')
 5 SYSTEMPATH\Router\Router.php(205): CodeIgniter\Router\Router->autoRoute('C:\\')
 6 SYSTEMPATH\CodeIgniter.php(800): CodeIgniter\Router\Router->handle('C:\\')
 7 SYSTEMPATH\CodeIgniter.php(428): CodeIgniter\CodeIgniter->tryToRouteIt(Object(CodeIgniter\Router\RouteCollection))
 8 SYSTEMPATH\CodeIgniter.php(349): CodeIgniter\CodeIgniter->handleRequest(null, Object(Config\Cache), false)
 9 FCPATH\index.php(67): CodeIgniter\CodeIgniter->run()
CRITICAL - 2023-01-23 09:10:51 --> require(kint.phar): Failed to open stream: No such file or directory
in APPPATH\Controllers\LoginControler.php on line 3.
 1 APPPATH\Controllers\LoginControler.php(3): CodeIgniter\Debug\Exceptions->errorHandler(2, 'require(kint.phar): Failed to open stream: No such file or directory', 'APPPATH\\Controllers\\LoginControler.php', 3)
 2 APPPATH\Controllers\LoginControler.php(3): require()
 3 SYSTEMPATH\Router\AutoRouter.php(147): include_once('APPPATH\\Controllers\\LoginControler.php')
 4 SYSTEMPATH\Router\Router.php(499): CodeIgniter\Router\AutoRouter->getRoute('C:\\')
 5 SYSTEMPATH\Router\Router.php(205): CodeIgniter\Router\Router->autoRoute('C:\\')
 6 SYSTEMPATH\CodeIgniter.php(800): CodeIgniter\Router\Router->handle('C:\\')
 7 SYSTEMPATH\CodeIgniter.php(428): CodeIgniter\CodeIgniter->tryToRouteIt(Object(CodeIgniter\Router\RouteCollection))
 8 SYSTEMPATH\CodeIgniter.php(349): CodeIgniter\CodeIgniter->handleRequest(null, Object(Config\Cache), false)
 9 FCPATH\index.php(67): CodeIgniter\CodeIgniter->run()
CRITICAL - 2023-01-23 09:10:53 --> require(kint.phar): Failed to open stream: No such file or directory
in APPPATH\Controllers\LoginControler.php on line 3.
 1 APPPATH\Controllers\LoginControler.php(3): CodeIgniter\Debug\Exceptions->errorHandler(2, 'require(kint.phar): Failed to open stream: No such file or directory', 'APPPATH\\Controllers\\LoginControler.php', 3)
 2 APPPATH\Controllers\LoginControler.php(3): require()
 3 SYSTEMPATH\Router\AutoRouter.php(147): include_once('APPPATH\\Controllers\\LoginControler.php')
 4 SYSTEMPATH\Router\Router.php(499): CodeIgniter\Router\AutoRouter->getRoute('C:\\')
 5 SYSTEMPATH\Router\Router.php(205): CodeIgniter\Router\Router->autoRoute('C:\\')
 6 SYSTEMPATH\CodeIgniter.php(800): CodeIgniter\Router\Router->handle('C:\\')
 7 SYSTEMPATH\CodeIgniter.php(428): CodeIgniter\CodeIgniter->tryToRouteIt(Object(CodeIgniter\Router\RouteCollection))
 8 SYSTEMPATH\CodeIgniter.php(349): CodeIgniter\CodeIgniter->handleRequest(null, Object(Config\Cache), false)
 9 FCPATH\index.php(67): CodeIgniter\CodeIgniter->run()
CRITICAL - 2023-01-23 09:11:01 --> require(kint.phar): Failed to open stream: No such file or directory
in APPPATH\Controllers\LoginControler.php on line 3.
 1 APPPATH\Controllers\LoginControler.php(3): CodeIgniter\Debug\Exceptions->errorHandler(2, 'require(kint.phar): Failed to open stream: No such file or directory', 'APPPATH\\Controllers\\LoginControler.php', 3)
 2 APPPATH\Controllers\LoginControler.php(3): require()
 3 SYSTEMPATH\Router\AutoRouter.php(147): include_once('APPPATH\\Controllers\\LoginControler.php')
 4 SYSTEMPATH\Router\Router.php(499): CodeIgniter\Router\AutoRouter->getRoute('C:\\')
 5 SYSTEMPATH\Router\Router.php(205): CodeIgniter\Router\Router->autoRoute('C:\\')
 6 SYSTEMPATH\CodeIgniter.php(800): CodeIgniter\Router\Router->handle('C:\\')
 7 SYSTEMPATH\CodeIgniter.php(428): CodeIgniter\CodeIgniter->tryToRouteIt(Object(CodeIgniter\Router\RouteCollection))
 8 SYSTEMPATH\CodeIgniter.php(349): CodeIgniter\CodeIgniter->handleRequest(null, Object(Config\Cache), false)
 9 FCPATH\index.php(67): CodeIgniter\CodeIgniter->run()
CRITICAL - 2023-01-23 09:11:05 --> require(kint.phar): Failed to open stream: No such file or directory
in APPPATH\Controllers\LoginControler.php on line 3.
 1 APPPATH\Controllers\LoginControler.php(3): CodeIgniter\Debug\Exceptions->errorHandler(2, 'require(kint.phar): Failed to open stream: No such file or directory', 'APPPATH\\Controllers\\LoginControler.php', 3)
 2 APPPATH\Controllers\LoginControler.php(3): require()
 3 SYSTEMPATH\Router\AutoRouter.php(147): include_once('APPPATH\\Controllers\\LoginControler.php')
 4 SYSTEMPATH\Router\Router.php(499): CodeIgniter\Router\AutoRouter->getRoute('LoginControler')
 5 SYSTEMPATH\Router\Router.php(205): CodeIgniter\Router\Router->autoRoute('LoginControler')
 6 SYSTEMPATH\CodeIgniter.php(800): CodeIgniter\Router\Router->handle('LoginControler')
 7 SYSTEMPATH\CodeIgniter.php(428): CodeIgniter\CodeIgniter->tryToRouteIt(Object(CodeIgniter\Router\RouteCollection))
 8 SYSTEMPATH\CodeIgniter.php(349): CodeIgniter\CodeIgniter->handleRequest(null, Object(Config\Cache), false)
 9 FCPATH\index.php(67): CodeIgniter\CodeIgniter->run()
CRITICAL - 2023-01-23 09:12:04 --> require(kint.phar): Failed to open stream: No such file or directory
in APPPATH\Controllers\LoginControler.php on line 3.
 1 APPPATH\Controllers\LoginControler.php(3): CodeIgniter\Debug\Exceptions->errorHandler(2, 'require(kint.phar): Failed to open stream: No such file or directory', 'APPPATH\\Controllers\\LoginControler.php', 3)
 2 APPPATH\Controllers\LoginControler.php(3): require()
 3 SYSTEMPATH\Router\AutoRouter.php(147): include_once('APPPATH\\Controllers\\LoginControler.php')
 4 SYSTEMPATH\Router\Router.php(499): CodeIgniter\Router\AutoRouter->getRoute('C:\\')
 5 SYSTEMPATH\Router\Router.php(205): CodeIgniter\Router\Router->autoRoute('C:\\')
 6 SYSTEMPATH\CodeIgniter.php(800): CodeIgniter\Router\Router->handle('C:\\')
 7 SYSTEMPATH\CodeIgniter.php(428): CodeIgniter\CodeIgniter->tryToRouteIt(Object(CodeIgniter\Router\RouteCollection))
 8 SYSTEMPATH\CodeIgniter.php(349): CodeIgniter\CodeIgniter->handleRequest(null, Object(Config\Cache), false)
 9 FCPATH\index.php(67): CodeIgniter\CodeIgniter->run()
CRITICAL - 2023-01-23 09:12:07 --> require(kint.phar): Failed to open stream: No such file or directory
in APPPATH\Controllers\LoginControler.php on line 3.
 1 APPPATH\Controllers\LoginControler.php(3): CodeIgniter\Debug\Exceptions->errorHandler(2, 'require(kint.phar): Failed to open stream: No such file or directory', 'APPPATH\\Controllers\\LoginControler.php', 3)
 2 APPPATH\Controllers\LoginControler.php(3): require()
 3 SYSTEMPATH\Router\AutoRouter.php(147): include_once('APPPATH\\Controllers\\LoginControler.php')
 4 SYSTEMPATH\Router\Router.php(499): CodeIgniter\Router\AutoRouter->getRoute('C:\\')
 5 SYSTEMPATH\Router\Router.php(205): CodeIgniter\Router\Router->autoRoute('C:\\')
 6 SYSTEMPATH\CodeIgniter.php(800): CodeIgniter\Router\Router->handle('C:\\')
 7 SYSTEMPATH\CodeIgniter.php(428): CodeIgniter\CodeIgniter->tryToRouteIt(Object(CodeIgniter\Router\RouteCollection))
 8 SYSTEMPATH\CodeIgniter.php(349): CodeIgniter\CodeIgniter->handleRequest(null, Object(Config\Cache), false)
 9 FCPATH\index.php(67): CodeIgniter\CodeIgniter->run()
CRITICAL - 2023-01-23 09:12:46 --> require(kint.phar): Failed to open stream: No such file or directory
in APPPATH\Controllers\LoginControler.php on line 3.
 1 APPPATH\Controllers\LoginControler.php(3): CodeIgniter\Debug\Exceptions->errorHandler(2, 'require(kint.phar): Failed to open stream: No such file or directory', 'APPPATH\\Controllers\\LoginControler.php', 3)
 2 APPPATH\Controllers\LoginControler.php(3): require()
 3 SYSTEMPATH\Router\AutoRouter.php(147): include_once('APPPATH\\Controllers\\LoginControler.php')
 4 SYSTEMPATH\Router\Router.php(499): CodeIgniter\Router\AutoRouter->getRoute('C:\\')
 5 SYSTEMPATH\Router\Router.php(205): CodeIgniter\Router\Router->autoRoute('C:\\')
 6 SYSTEMPATH\CodeIgniter.php(800): CodeIgniter\Router\Router->handle('C:\\')
 7 SYSTEMPATH\CodeIgniter.php(428): CodeIgniter\CodeIgniter->tryToRouteIt(Object(CodeIgniter\Router\RouteCollection))
 8 SYSTEMPATH\CodeIgniter.php(349): CodeIgniter\CodeIgniter->handleRequest(null, Object(Config\Cache), false)
 9 FCPATH\index.php(67): CodeIgniter\CodeIgniter->run()
CRITICAL - 2023-01-23 09:15:37 --> require(kint.phar): Failed to open stream: No such file or directory
in APPPATH\Controllers\LoginControler.php on line 3.
 1 APPPATH\Controllers\LoginControler.php(3): CodeIgniter\Debug\Exceptions->errorHandler(2, 'require(kint.phar): Failed to open stream: No such file or directory', 'APPPATH\\Controllers\\LoginControler.php', 3)
 2 APPPATH\Controllers\LoginControler.php(3): require()
 3 SYSTEMPATH\Router\AutoRouter.php(147): include_once('APPPATH\\Controllers\\LoginControler.php')
 4 SYSTEMPATH\Router\Router.php(499): CodeIgniter\Router\AutoRouter->getRoute('C:\\')
 5 SYSTEMPATH\Router\Router.php(205): CodeIgniter\Router\Router->autoRoute('C:\\')
 6 SYSTEMPATH\CodeIgniter.php(800): CodeIgniter\Router\Router->handle('C:\\')
 7 SYSTEMPATH\CodeIgniter.php(428): CodeIgniter\CodeIgniter->tryToRouteIt(Object(CodeIgniter\Router\RouteCollection))
 8 SYSTEMPATH\CodeIgniter.php(349): CodeIgniter\CodeIgniter->handleRequest(null, Object(Config\Cache), false)
 9 FCPATH\index.php(67): CodeIgniter\CodeIgniter->run()
CRITICAL - 2023-01-23 09:28:12 --> require(kint.phar): Failed to open stream: No such file or directory
in APPPATH\Controllers\LoginControler.php on line 3.
 1 APPPATH\Controllers\LoginControler.php(3): CodeIgniter\Debug\Exceptions->errorHandler(2, 'require(kint.phar): Failed to open stream: No such file or directory', 'APPPATH\\Controllers\\LoginControler.php', 3)
 2 APPPATH\Controllers\LoginControler.php(3): require()
 3 SYSTEMPATH\Router\AutoRouter.php(147): include_once('APPPATH\\Controllers\\LoginControler.php')
 4 SYSTEMPATH\Router\Router.php(499): CodeIgniter\Router\AutoRouter->getRoute('C:\\')
 5 SYSTEMPATH\Router\Router.php(205): CodeIgniter\Router\Router->autoRoute('C:\\')
 6 SYSTEMPATH\CodeIgniter.php(800): CodeIgniter\Router\Router->handle('C:\\')
 7 SYSTEMPATH\CodeIgniter.php(428): CodeIgniter\CodeIgniter->tryToRouteIt(Object(CodeIgniter\Router\RouteCollection))
 8 SYSTEMPATH\CodeIgniter.php(349): CodeIgniter\CodeIgniter->handleRequest(null, Object(Config\Cache), false)
 9 FCPATH\index.php(67): CodeIgniter\CodeIgniter->run()
CRITICAL - 2023-01-23 09:28:13 --> require(kint.phar): Failed to open stream: No such file or directory
in APPPATH\Controllers\LoginControler.php on line 3.
 1 APPPATH\Controllers\LoginControler.php(3): CodeIgniter\Debug\Exceptions->errorHandler(2, 'require(kint.phar): Failed to open stream: No such file or directory', 'APPPATH\\Controllers\\LoginControler.php', 3)
 2 APPPATH\Controllers\LoginControler.php(3): require()
 3 SYSTEMPATH\Router\AutoRouter.php(147): include_once('APPPATH\\Controllers\\LoginControler.php')
 4 SYSTEMPATH\Router\Router.php(499): CodeIgniter\Router\AutoRouter->getRoute('C:\\')
 5 SYSTEMPATH\Router\Router.php(205): CodeIgniter\Router\Router->autoRoute('C:\\')
 6 SYSTEMPATH\CodeIgniter.php(800): CodeIgniter\Router\Router->handle('C:\\')
 7 SYSTEMPATH\CodeIgniter.php(428): CodeIgniter\CodeIgniter->tryToRouteIt(Object(CodeIgniter\Router\RouteCollection))
 8 SYSTEMPATH\CodeIgniter.php(349): CodeIgniter\CodeIgniter->handleRequest(null, Object(Config\Cache), false)
 9 FCPATH\index.php(67): CodeIgniter\CodeIgniter->run()
CRITICAL - 2023-01-23 09:29:28 --> require(kint.phar): Failed to open stream: No such file or directory
in APPPATH\Controllers\LoginControler.php on line 3.
 1 APPPATH\Controllers\LoginControler.php(3): CodeIgniter\Debug\Exceptions->errorHandler(2, 'require(kint.phar): Failed to open stream: No such file or directory', 'APPPATH\\Controllers\\LoginControler.php', 3)
 2 APPPATH\Controllers\LoginControler.php(3): require()
 3 SYSTEMPATH\Router\AutoRouter.php(147): include_once('APPPATH\\Controllers\\LoginControler.php')
 4 SYSTEMPATH\Router\Router.php(499): CodeIgniter\Router\AutoRouter->getRoute('C:\\')
 5 SYSTEMPATH\Router\Router.php(205): CodeIgniter\Router\Router->autoRoute('C:\\')
 6 SYSTEMPATH\CodeIgniter.php(800): CodeIgniter\Router\Router->handle('C:\\')
 7 SYSTEMPATH\CodeIgniter.php(428): CodeIgniter\CodeIgniter->tryToRouteIt(Object(CodeIgniter\Router\RouteCollection))
 8 SYSTEMPATH\CodeIgniter.php(349): CodeIgniter\CodeIgniter->handleRequest(null, Object(Config\Cache), false)
 9 FCPATH\index.php(67): CodeIgniter\CodeIgniter->run()
CRITICAL - 2023-01-23 09:40:55 --> require(kint.phar): Failed to open stream: No such file or directory
in APPPATH\Controllers\LoginControler.php on line 3.
 1 APPPATH\Controllers\LoginControler.php(3): CodeIgniter\Debug\Exceptions->errorHandler(2, 'require(kint.phar): Failed to open stream: No such file or directory', 'APPPATH\\Controllers\\LoginControler.php', 3)
 2 APPPATH\Controllers\LoginControler.php(3): require()
 3 SYSTEMPATH\Router\AutoRouter.php(147): include_once('APPPATH\\Controllers\\LoginControler.php')
 4 SYSTEMPATH\Router\Router.php(499): CodeIgniter\Router\AutoRouter->getRoute('C:\\')
 5 SYSTEMPATH\Router\Router.php(205): CodeIgniter\Router\Router->autoRoute('C:\\')
 6 SYSTEMPATH\CodeIgniter.php(800): CodeIgniter\Router\Router->handle('C:\\')
 7 SYSTEMPATH\CodeIgniter.php(428): CodeIgniter\CodeIgniter->tryToRouteIt(Object(CodeIgniter\Router\RouteCollection))
 8 SYSTEMPATH\CodeIgniter.php(349): CodeIgniter\CodeIgniter->handleRequest(null, Object(Config\Cache), false)
 9 FCPATH\index.php(67): CodeIgniter\CodeIgniter->run()
CRITICAL - 2023-01-23 10:35:24 --> require(kint.phar): Failed to open stream: No such file or directory
in APPPATH\Controllers\LoginControler.php on line 3.
 1 APPPATH\Controllers\LoginControler.php(3): CodeIgniter\Debug\Exceptions->errorHandler(2, 'require(kint.phar): Failed to open stream: No such file or directory', 'APPPATH\\Controllers\\LoginControler.php', 3)
 2 APPPATH\Controllers\LoginControler.php(3): require()
 3 SYSTEMPATH\Router\AutoRouter.php(147): include_once('APPPATH\\Controllers\\LoginControler.php')
 4 SYSTEMPATH\Router\Router.php(499): CodeIgniter\Router\AutoRouter->getRoute('LoginControler')
 5 SYSTEMPATH\Router\Router.php(205): CodeIgniter\Router\Router->autoRoute('LoginControler')
 6 SYSTEMPATH\CodeIgniter.php(800): CodeIgniter\Router\Router->handle('LoginControler')
 7 SYSTEMPATH\CodeIgniter.php(428): CodeIgniter\CodeIgniter->tryToRouteIt(Object(CodeIgniter\Router\RouteCollection))
 8 SYSTEMPATH\CodeIgniter.php(349): CodeIgniter\CodeIgniter->handleRequest(null, Object(Config\Cache), false)
 9 FCPATH\index.php(67): CodeIgniter\CodeIgniter->run()
CRITICAL - 2023-01-23 10:39:46 --> require(kint.phar): Failed to open stream: No such file or directory
in APPPATH\Controllers\LoginControler.php on line 3.
 1 APPPATH\Controllers\LoginControler.php(3): CodeIgniter\Debug\Exceptions->errorHandler(2, 'require(kint.phar): Failed to open stream: No such file or directory', 'APPPATH\\Controllers\\LoginControler.php', 3)
 2 APPPATH\Controllers\LoginControler.php(3): require()
 3 SYSTEMPATH\Router\AutoRouter.php(147): include_once('APPPATH\\Controllers\\LoginControler.php')
 4 SYSTEMPATH\Router\Router.php(499): CodeIgniter\Router\AutoRouter->getRoute('LoginControler')
 5 SYSTEMPATH\Router\Router.php(205): CodeIgniter\Router\Router->autoRoute('LoginControler')
 6 SYSTEMPATH\CodeIgniter.php(800): CodeIgniter\Router\Router->handle('LoginControler')
 7 SYSTEMPATH\CodeIgniter.php(428): CodeIgniter\CodeIgniter->tryToRouteIt(Object(CodeIgniter\Router\RouteCollection))
 8 SYSTEMPATH\CodeIgniter.php(349): CodeIgniter\CodeIgniter->handleRequest(null, Object(Config\Cache), false)
 9 FCPATH\index.php(67): CodeIgniter\CodeIgniter->run()
CRITICAL - 2023-01-23 10:39:48 --> require(kint.phar): Failed to open stream: No such file or directory
in APPPATH\Controllers\LoginControler.php on line 3.
 1 APPPATH\Controllers\LoginControler.php(3): CodeIgniter\Debug\Exceptions->errorHandler(2, 'require(kint.phar): Failed to open stream: No such file or directory', 'APPPATH\\Controllers\\LoginControler.php', 3)
 2 APPPATH\Controllers\LoginControler.php(3): require()
 3 SYSTEMPATH\Router\AutoRouter.php(147): include_once('APPPATH\\Controllers\\LoginControler.php')
 4 SYSTEMPATH\Router\Router.php(499): CodeIgniter\Router\AutoRouter->getRoute('LoginControler')
 5 SYSTEMPATH\Router\Router.php(205): CodeIgniter\Router\Router->autoRoute('LoginControler')
 6 SYSTEMPATH\CodeIgniter.php(800): CodeIgniter\Router\Router->handle('LoginControler')
 7 SYSTEMPATH\CodeIgniter.php(428): CodeIgniter\CodeIgniter->tryToRouteIt(Object(CodeIgniter\Router\RouteCollection))
 8 SYSTEMPATH\CodeIgniter.php(349): CodeIgniter\CodeIgniter->handleRequest(null, Object(Config\Cache), false)
 9 FCPATH\index.php(67): CodeIgniter\CodeIgniter->run()
CRITICAL - 2023-01-23 10:39:57 --> require(kint.phar): Failed to open stream: No such file or directory
in APPPATH\Controllers\LoginControler.php on line 3.
 1 APPPATH\Controllers\LoginControler.php(3): CodeIgniter\Debug\Exceptions->errorHandler(2, 'require(kint.phar): Failed to open stream: No such file or directory', 'APPPATH\\Controllers\\LoginControler.php', 3)
 2 APPPATH\Controllers\LoginControler.php(3): require()
 3 SYSTEMPATH\Router\AutoRouter.php(147): include_once('APPPATH\\Controllers\\LoginControler.php')
 4 SYSTEMPATH\Router\Router.php(499): CodeIgniter\Router\AutoRouter->getRoute('LoginControler/index')
 5 SYSTEMPATH\Router\Router.php(205): CodeIgniter\Router\Router->autoRoute('LoginControler/index')
 6 SYSTEMPATH\CodeIgniter.php(800): CodeIgniter\Router\Router->handle('LoginControler/index')
 7 SYSTEMPATH\CodeIgniter.php(428): CodeIgniter\CodeIgniter->tryToRouteIt(Object(CodeIgniter\Router\RouteCollection))
 8 SYSTEMPATH\CodeIgniter.php(349): CodeIgniter\CodeIgniter->handleRequest(null, Object(Config\Cache), false)
 9 FCPATH\index.php(67): CodeIgniter\CodeIgniter->run()
CRITICAL - 2023-01-23 10:40:05 --> require(kint.phar): Failed to open stream: No such file or directory
in APPPATH\Controllers\LoginControler.php on line 3.
 1 APPPATH\Controllers\LoginControler.php(3): CodeIgniter\Debug\Exceptions->errorHandler(2, 'require(kint.phar): Failed to open stream: No such file or directory', 'APPPATH\\Controllers\\LoginControler.php', 3)
 2 APPPATH\Controllers\LoginControler.php(3): require()
 3 SYSTEMPATH\Router\AutoRouter.php(147): include_once('APPPATH\\Controllers\\LoginControler.php')
 4 SYSTEMPATH\Router\Router.php(499): CodeIgniter\Router\AutoRouter->getRoute('LoginControler/login')
 5 SYSTEMPATH\Router\Router.php(205): CodeIgniter\Router\Router->autoRoute('LoginControler/login')
 6 SYSTEMPATH\CodeIgniter.php(800): CodeIgniter\Router\Router->handle('LoginControler/login')
 7 SYSTEMPATH\CodeIgniter.php(428): CodeIgniter\CodeIgniter->tryToRouteIt(Object(CodeIgniter\Router\RouteCollection))
 8 SYSTEMPATH\CodeIgniter.php(349): CodeIgniter\CodeIgniter->handleRequest(null, Object(Config\Cache), false)
 9 FCPATH\index.php(67): CodeIgniter\CodeIgniter->run()
CRITICAL - 2023-01-23 10:41:24 --> require(kint.phar): Failed to open stream: No such file or directory
in APPPATH\Controllers\LoginControler.php on line 3.
 1 APPPATH\Controllers\LoginControler.php(3): CodeIgniter\Debug\Exceptions->errorHandler(2, 'require(kint.phar): Failed to open stream: No such file or directory', 'APPPATH\\Controllers\\LoginControler.php', 3)
 2 APPPATH\Controllers\LoginControler.php(3): require()
 3 SYSTEMPATH\Router\AutoRouter.php(147): include_once('APPPATH\\Controllers\\LoginControler.php')
 4 SYSTEMPATH\Router\Router.php(499): CodeIgniter\Router\AutoRouter->getRoute('LoginControler/login')
 5 SYSTEMPATH\Router\Router.php(205): CodeIgniter\Router\Router->autoRoute('LoginControler/login')
 6 SYSTEMPATH\CodeIgniter.php(800): CodeIgniter\Router\Router->handle('LoginControler/login')
 7 SYSTEMPATH\CodeIgniter.php(428): CodeIgniter\CodeIgniter->tryToRouteIt(Object(CodeIgniter\Router\RouteCollection))
 8 SYSTEMPATH\CodeIgniter.php(349): CodeIgniter\CodeIgniter->handleRequest(null, Object(Config\Cache), false)
 9 FCPATH\index.php(67): CodeIgniter\CodeIgniter->run()
CRITICAL - 2023-01-23 10:41:28 --> require(kint.phar): Failed to open stream: No such file or directory
in APPPATH\Controllers\LoginControler.php on line 3.
 1 APPPATH\Controllers\LoginControler.php(3): CodeIgniter\Debug\Exceptions->errorHandler(2, 'require(kint.phar): Failed to open stream: No such file or directory', 'APPPATH\\Controllers\\LoginControler.php', 3)
 2 APPPATH\Controllers\LoginControler.php(3): require()
 3 SYSTEMPATH\Router\AutoRouter.php(147): include_once('APPPATH\\Controllers\\LoginControler.php')
 4 SYSTEMPATH\Router\Router.php(499): CodeIgniter\Router\AutoRouter->getRoute('LoginControler/index')
 5 SYSTEMPATH\Router\Router.php(205): CodeIgniter\Router\Router->autoRoute('LoginControler/index')
 6 SYSTEMPATH\CodeIgniter.php(800): CodeIgniter\Router\Router->handle('LoginControler/index')
 7 SYSTEMPATH\CodeIgniter.php(428): CodeIgniter\CodeIgniter->tryToRouteIt(Object(CodeIgniter\Router\RouteCollection))
 8 SYSTEMPATH\CodeIgniter.php(349): CodeIgniter\CodeIgniter->handleRequest(null, Object(Config\Cache), false)
 9 FCPATH\index.php(67): CodeIgniter\CodeIgniter->run()
CRITICAL - 2023-01-23 10:41:59 --> require(kint.phar): Failed to open stream: No such file or directory
in APPPATH\Controllers\LoginControler.php on line 3.
 1 APPPATH\Controllers\LoginControler.php(3): CodeIgniter\Debug\Exceptions->errorHandler(2, 'require(kint.phar): Failed to open stream: No such file or directory', 'APPPATH\\Controllers\\LoginControler.php', 3)
 2 APPPATH\Controllers\LoginControler.php(3): require()
 3 SYSTEMPATH\Router\AutoRouter.php(147): include_once('APPPATH\\Controllers\\LoginControler.php')
 4 SYSTEMPATH\Router\Router.php(499): CodeIgniter\Router\AutoRouter->getRoute('LoginControler/index')
 5 SYSTEMPATH\Router\Router.php(205): CodeIgniter\Router\Router->autoRoute('LoginControler/index')
 6 SYSTEMPATH\CodeIgniter.php(800): CodeIgniter\Router\Router->handle('LoginControler/index')
 7 SYSTEMPATH\CodeIgniter.php(428): CodeIgniter\CodeIgniter->tryToRouteIt(Object(CodeIgniter\Router\RouteCollection))
 8 SYSTEMPATH\CodeIgniter.php(349): CodeIgniter\CodeIgniter->handleRequest(null, Object(Config\Cache), false)
 9 FCPATH\index.php(67): CodeIgniter\CodeIgniter->run()
CRITICAL - 2023-01-23 10:42:00 --> require(kint.phar): Failed to open stream: No such file or directory
in APPPATH\Controllers\LoginControler.php on line 3.
 1 APPPATH\Controllers\LoginControler.php(3): CodeIgniter\Debug\Exceptions->errorHandler(2, 'require(kint.phar): Failed to open stream: No such file or directory', 'APPPATH\\Controllers\\LoginControler.php', 3)
 2 APPPATH\Controllers\LoginControler.php(3): require()
 3 SYSTEMPATH\Router\AutoRouter.php(147): include_once('APPPATH\\Controllers\\LoginControler.php')
 4 SYSTEMPATH\Router\Router.php(499): CodeIgniter\Router\AutoRouter->getRoute('LoginControler/index')
 5 SYSTEMPATH\Router\Router.php(205): CodeIgniter\Router\Router->autoRoute('LoginControler/index')
 6 SYSTEMPATH\CodeIgniter.php(800): CodeIgniter\Router\Router->handle('LoginControler/index')
 7 SYSTEMPATH\CodeIgniter.php(428): CodeIgniter\CodeIgniter->tryToRouteIt(Object(CodeIgniter\Router\RouteCollection))
 8 SYSTEMPATH\CodeIgniter.php(349): CodeIgniter\CodeIgniter->handleRequest(null, Object(Config\Cache), false)
 9 FCPATH\index.php(67): CodeIgniter\CodeIgniter->run()
CRITICAL - 2023-01-23 10:42:04 --> require(kint.phar): Failed to open stream: No such file or directory
in APPPATH\Controllers\LoginControler.php on line 3.
 1 APPPATH\Controllers\LoginControler.php(3): CodeIgniter\Debug\Exceptions->errorHandler(2, 'require(kint.phar): Failed to open stream: No such file or directory', 'APPPATH\\Controllers\\LoginControler.php', 3)
 2 APPPATH\Controllers\LoginControler.php(3): require()
 3 SYSTEMPATH\Router\AutoRouter.php(147): include_once('APPPATH\\Controllers\\LoginControler.php')
 4 SYSTEMPATH\Router\Router.php(499): CodeIgniter\Router\AutoRouter->getRoute('LoginControler')
 5 SYSTEMPATH\Router\Router.php(205): CodeIgniter\Router\Router->autoRoute('LoginControler')
 6 SYSTEMPATH\CodeIgniter.php(800): CodeIgniter\Router\Router->handle('LoginControler')
 7 SYSTEMPATH\CodeIgniter.php(428): CodeIgniter\CodeIgniter->tryToRouteIt(Object(CodeIgniter\Router\RouteCollection))
 8 SYSTEMPATH\CodeIgniter.php(349): CodeIgniter\CodeIgniter->handleRequest(null, Object(Config\Cache), false)
 9 FCPATH\index.php(67): CodeIgniter\CodeIgniter->run()
CRITICAL - 2023-01-23 10:42:25 --> require(kint.phar): Failed to open stream: No such file or directory
in APPPATH\Controllers\LoginControler.php on line 3.
 1 APPPATH\Controllers\LoginControler.php(3): CodeIgniter\Debug\Exceptions->errorHandler(2, 'require(kint.phar): Failed to open stream: No such file or directory', 'APPPATH\\Controllers\\LoginControler.php', 3)
 2 APPPATH\Controllers\LoginControler.php(3): require()
 3 SYSTEMPATH\Router\AutoRouter.php(147): include_once('APPPATH\\Controllers\\LoginControler.php')
 4 SYSTEMPATH\Router\Router.php(499): CodeIgniter\Router\AutoRouter->getRoute('LoginControler')
 5 SYSTEMPATH\Router\Router.php(205): CodeIgniter\Router\Router->autoRoute('LoginControler')
 6 SYSTEMPATH\CodeIgniter.php(800): CodeIgniter\Router\Router->handle('LoginControler')
 7 SYSTEMPATH\CodeIgniter.php(428): CodeIgniter\CodeIgniter->tryToRouteIt(Object(CodeIgniter\Router\RouteCollection))
 8 SYSTEMPATH\CodeIgniter.php(349): CodeIgniter\CodeIgniter->handleRequest(null, Object(Config\Cache), false)
 9 FCPATH\index.php(67): CodeIgniter\CodeIgniter->run()
CRITICAL - 2023-01-23 10:42:30 --> require(kint.phar): Failed to open stream: No such file or directory
in APPPATH\Controllers\LoginControler.php on line 3.
 1 APPPATH\Controllers\LoginControler.php(3): CodeIgniter\Debug\Exceptions->errorHandler(2, 'require(kint.phar): Failed to open stream: No such file or directory', 'APPPATH\\Controllers\\LoginControler.php', 3)
 2 APPPATH\Controllers\LoginControler.php(3): require()
 3 SYSTEMPATH\Router\AutoRouter.php(147): include_once('APPPATH\\Controllers\\LoginControler.php')
 4 SYSTEMPATH\Router\Router.php(499): CodeIgniter\Router\AutoRouter->getRoute('LoginControler')
 5 SYSTEMPATH\Router\Router.php(205): CodeIgniter\Router\Router->autoRoute('LoginControler')
 6 SYSTEMPATH\CodeIgniter.php(800): CodeIgniter\Router\Router->handle('LoginControler')
 7 SYSTEMPATH\CodeIgniter.php(428): CodeIgniter\CodeIgniter->tryToRouteIt(Object(CodeIgniter\Router\RouteCollection))
 8 SYSTEMPATH\CodeIgniter.php(349): CodeIgniter\CodeIgniter->handleRequest(null, Object(Config\Cache), false)
 9 FCPATH\index.php(67): CodeIgniter\CodeIgniter->run()
CRITICAL - 2023-01-23 10:46:15 --> syntax error, unexpected token "public", expecting end of file
in APPPATH\Controllers\LoginControler.php on line 31.
 1 SYSTEMPATH\Router\Router.php(499): CodeIgniter\Router\AutoRouter->getRoute('LoginControler')
 2 SYSTEMPATH\Router\Router.php(205): CodeIgniter\Router\Router->autoRoute('LoginControler')
 3 SYSTEMPATH\CodeIgniter.php(800): CodeIgniter\Router\Router->handle('LoginControler')
 4 SYSTEMPATH\CodeIgniter.php(428): CodeIgniter\CodeIgniter->tryToRouteIt(Object(CodeIgniter\Router\RouteCollection))
 5 SYSTEMPATH\CodeIgniter.php(349): CodeIgniter\CodeIgniter->handleRequest(null, Object(Config\Cache), false)
 6 FCPATH\index.php(67): CodeIgniter\CodeIgniter->run()
CRITICAL - 2023-01-23 10:47:20 --> syntax error, unexpected token "public", expecting end of file
in APPPATH\Controllers\LoginControler.php on line 31.
 1 SYSTEMPATH\Router\Router.php(499): CodeIgniter\Router\AutoRouter->getRoute('LoginControler')
 2 SYSTEMPATH\Router\Router.php(205): CodeIgniter\Router\Router->autoRoute('LoginControler')
 3 SYSTEMPATH\CodeIgniter.php(800): CodeIgniter\Router\Router->handle('LoginControler')
 4 SYSTEMPATH\CodeIgniter.php(428): CodeIgniter\CodeIgniter->tryToRouteIt(Object(CodeIgniter\Router\RouteCollection))
 5 SYSTEMPATH\CodeIgniter.php(349): CodeIgniter\CodeIgniter->handleRequest(null, Object(Config\Cache), false)
 6 FCPATH\index.php(67): CodeIgniter\CodeIgniter->run()
CRITICAL - 2023-01-23 10:47:22 --> syntax error, unexpected token "public", expecting end of file
in APPPATH\Controllers\LoginControler.php on line 31.
 1 SYSTEMPATH\Router\Router.php(499): CodeIgniter\Router\AutoRouter->getRoute('LoginControler')
 2 SYSTEMPATH\Router\Router.php(205): CodeIgniter\Router\Router->autoRoute('LoginControler')
 3 SYSTEMPATH\CodeIgniter.php(800): CodeIgniter\Router\Router->handle('LoginControler')
 4 SYSTEMPATH\CodeIgniter.php(428): CodeIgniter\CodeIgniter->tryToRouteIt(Object(CodeIgniter\Router\RouteCollection))
 5 SYSTEMPATH\CodeIgniter.php(349): CodeIgniter\CodeIgniter->handleRequest(null, Object(Config\Cache), false)
 6 FCPATH\index.php(67): CodeIgniter\CodeIgniter->run()
CRITICAL - 2023-01-23 10:47:23 --> syntax error, unexpected token "public", expecting end of file
in APPPATH\Controllers\LoginControler.php on line 31.
 1 SYSTEMPATH\Router\Router.php(499): CodeIgniter\Router\AutoRouter->getRoute('LoginControler')
 2 SYSTEMPATH\Router\Router.php(205): CodeIgniter\Router\Router->autoRoute('LoginControler')
 3 SYSTEMPATH\CodeIgniter.php(800): CodeIgniter\Router\Router->handle('LoginControler')
 4 SYSTEMPATH\CodeIgniter.php(428): CodeIgniter\CodeIgniter->tryToRouteIt(Object(CodeIgniter\Router\RouteCollection))
 5 SYSTEMPATH\CodeIgniter.php(349): CodeIgniter\CodeIgniter->handleRequest(null, Object(Config\Cache), false)
 6 FCPATH\index.php(67): CodeIgniter\CodeIgniter->run()
CRITICAL - 2023-01-23 10:47:42 --> syntax error, unexpected token "public", expecting end of file
in APPPATH\Controllers\LoginControler.php on line 33.
 1 SYSTEMPATH\Router\Router.php(499): CodeIgniter\Router\AutoRouter->getRoute('LoginControler')
 2 SYSTEMPATH\Router\Router.php(205): CodeIgniter\Router\Router->autoRoute('LoginControler')
 3 SYSTEMPATH\CodeIgniter.php(800): CodeIgniter\Router\Router->handle('LoginControler')
 4 SYSTEMPATH\CodeIgniter.php(428): CodeIgniter\CodeIgniter->tryToRouteIt(Object(CodeIgniter\Router\RouteCollection))
 5 SYSTEMPATH\CodeIgniter.php(349): CodeIgniter\CodeIgniter->handleRequest(null, Object(Config\Cache), false)
 6 FCPATH\index.php(67): CodeIgniter\CodeIgniter->run()
CRITICAL - 2023-01-23 10:49:23 --> require(kint.phar): Failed to open stream: No such file or directory
in APPPATH\Controllers\LoginControler.php on line 3.
 1 APPPATH\Controllers\LoginControler.php(3): CodeIgniter\Debug\Exceptions->errorHandler(2, 'require(kint.phar): Failed to open stream: No such file or directory', 'APPPATH\\Controllers\\LoginControler.php', 3)
 2 APPPATH\Controllers\LoginControler.php(3): require()
 3 SYSTEMPATH\Router\AutoRouter.php(147): include_once('APPPATH\\Controllers\\LoginControler.php')
 4 SYSTEMPATH\Router\Router.php(499): CodeIgniter\Router\AutoRouter->getRoute('LoginControler')
 5 SYSTEMPATH\Router\Router.php(205): CodeIgniter\Router\Router->autoRoute('LoginControler')
 6 SYSTEMPATH\CodeIgniter.php(800): CodeIgniter\Router\Router->handle('LoginControler')
 7 SYSTEMPATH\CodeIgniter.php(428): CodeIgniter\CodeIgniter->tryToRouteIt(Object(CodeIgniter\Router\RouteCollection))
 8 SYSTEMPATH\CodeIgniter.php(349): CodeIgniter\CodeIgniter->handleRequest(null, Object(Config\Cache), false)
 9 FCPATH\index.php(67): CodeIgniter\CodeIgniter->run()
CRITICAL - 2023-01-23 10:49:24 --> require(kint.phar): Failed to open stream: No such file or directory
in APPPATH\Controllers\LoginControler.php on line 3.
 1 APPPATH\Controllers\LoginControler.php(3): CodeIgniter\Debug\Exceptions->errorHandler(2, 'require(kint.phar): Failed to open stream: No such file or directory', 'APPPATH\\Controllers\\LoginControler.php', 3)
 2 APPPATH\Controllers\LoginControler.php(3): require()
 3 SYSTEMPATH\Router\AutoRouter.php(147): include_once('APPPATH\\Controllers\\LoginControler.php')
 4 SYSTEMPATH\Router\Router.php(499): CodeIgniter\Router\AutoRouter->getRoute('LoginControler')
 5 SYSTEMPATH\Router\Router.php(205): CodeIgniter\Router\Router->autoRoute('LoginControler')
 6 SYSTEMPATH\CodeIgniter.php(800): CodeIgniter\Router\Router->handle('LoginControler')
 7 SYSTEMPATH\CodeIgniter.php(428): CodeIgniter\CodeIgniter->tryToRouteIt(Object(CodeIgniter\Router\RouteCollection))
 8 SYSTEMPATH\CodeIgniter.php(349): CodeIgniter\CodeIgniter->handleRequest(null, Object(Config\Cache), false)
 9 FCPATH\index.php(67): CodeIgniter\CodeIgniter->run()
